{"meta": {"format": 3, "version": "7.10.7", "timestamp": "2025-10-14T14:50:27.602897", "branch_coverage": false, "show_contexts": false}, "files": {"src/simply_mcp/__init__.py": {"executed_lines": [1, 30, 33, 43, 46, 54, 56, 58], "summary": {"covered_lines": 7, "num_statements": 7, "percent_covered": 100.0, "percent_covered_display": "100", "missing_lines": 0, "excluded_lines": 0}, "missing_lines": [], "excluded_lines": [], "functions": {"": {"executed_lines": [1, 30, 33, 43, 46, 54, 56, 58], "summary": {"covered_lines": 7, "num_statements": 7, "percent_covered": 100.0, "percent_covered_display": "100", "missing_lines": 0, "excluded_lines": 0}, "missing_lines": [], "excluded_lines": []}}, "classes": {"": {"executed_lines": [1, 30, 33, 43, 46, 54, 56, 58], "summary": {"covered_lines": 7, "num_statements": 7, "percent_covered": 100.0, "percent_covered_display": "100", "missing_lines": 0, "excluded_lines": 0}, "missing_lines": [], "excluded_lines": []}}}, "src/simply_mcp/api/__init__.py": {"executed_lines": [1, 8, 9, 18], "summary": {"covered_lines": 3, "num_statements": 3, "percent_covered": 100.0, "percent_covered_display": "100", "missing_lines": 0, "excluded_lines": 0}, "missing_lines": [], "excluded_lines": [], "functions": {"": {"executed_lines": [1, 8, 9, 18], "summary": {"covered_lines": 3, "num_statements": 3, "percent_covered": 100.0, "percent_covered_display": "100", "missing_lines": 0, "excluded_lines": 0}, "missing_lines": [], "excluded_lines": []}}, "classes": {"": {"executed_lines": [1, 8, 9, 18], "summary": {"covered_lines": 3, "num_statements": 3, "percent_covered": 100.0, "percent_covered_display": "100", "missing_lines": 0, "excluded_lines": 0}, "missing_lines": [], "excluded_lines": []}}}, "src/simply_mcp/api/builder.py": {"executed_lines": [1, 36, 37, 38, 39, 41, 42, 43, 48, 53, 54, 55, 62, 65, 66, 93, 113, 114, 117, 118, 125, 126, 127, 130, 134, 162, 163, 164, 165, 166, 170, 172, 175, 176, 181, 184, 187, 195, 197, 199, 228, 230, 233, 236, 238, 240, 244, 272, 273, 274, 275, 276, 279, 280, 281, 282, 291, 300, 302, 304, 329, 331, 334, 337, 339, 341, 345, 375, 376, 379, 382, 383, 384, 385, 386, 389, 398, 400, 402, 429, 430, 432, 434, 437, 440, 442, 444, 448, 468, 469, 472, 475, 476, 477, 480, 483, 488, 492, 503, 504, 506, 520, 525, 527, 538, 542, 552, 556, 567, 568, 570, 581, 582, 584, 595, 596, 599], "summary": {"covered_lines": 115, "num_statements": 121, "percent_covered": 95.04132231404958, "percent_covered_display": "95", "missing_lines": 6, "excluded_lines": 0}, "missing_lines": [44, 45, 46, 178, 486, 521], "excluded_lines": [], "functions": {"SimplyMCP.__init__": {"executed_lines": [113, 114, 117, 118, 125, 126, 127, 130], "summary": {"covered_lines": 8, "num_statements": 8, "percent_covered": 100.0, "percent_covered_display": "100", "missing_lines": 0, "excluded_lines": 0}, "missing_lines": [], "excluded_lines": []}, "SimplyMCP.add_tool": {"executed_lines": [162, 163, 164, 165, 166, 170, 172, 175, 176, 181, 184, 187, 195, 197], "summary": {"covered_lines": 14, "num_statements": 15, "percent_covered": 93.33333333333333, "percent_covered_display": "93", "missing_lines": 1, "excluded_lines": 0}, "missing_lines": [178], "excluded_lines": []}, "SimplyMCP.tool": {"executed_lines": [228, 240], "summary": {"covered_lines": 2, "num_statements": 2, "percent_covered": 100.0, "percent_covered_display": "100", "missing_lines": 0, "excluded_lines": 0}, "missing_lines": [], "excluded_lines": []}, "SimplyMCP.tool.decorator": {"executed_lines": [230, 233, 236, 238], "summary": {"covered_lines": 4, "num_statements": 4, "percent_covered": 100.0, "percent_covered_display": "100", "missing_lines": 0, "excluded_lines": 0}, "missing_lines": [], "excluded_lines": []}, "SimplyMCP.add_prompt": {"executed_lines": [272, 273, 274, 275, 276, 279, 280, 281, 282, 291, 300, 302], "summary": {"covered_lines": 12, "num_statements": 12, "percent_covered": 100.0, "percent_covered_display": "100", "missing_lines": 0, "excluded_lines": 0}, "missing_lines": [], "excluded_lines": []}, "SimplyMCP.prompt": {"executed_lines": [329, 341], "summary": {"covered_lines": 2, "num_statements": 2, "percent_covered": 100.0, "percent_covered_display": "100", "missing_lines": 0, "excluded_lines": 0}, "missing_lines": [], "excluded_lines": []}, "SimplyMCP.prompt.decorator": {"executed_lines": [331, 334, 337, 339], "summary": {"covered_lines": 4, "num_statements": 4, "percent_covered": 100.0, "percent_covered_display": "100", "missing_lines": 0, "excluded_lines": 0}, "missing_lines": [], "excluded_lines": []}, "SimplyMCP.add_resource": {"executed_lines": [375, 376, 379, 382, 383, 384, 385, 386, 389, 398, 400], "summary": {"covered_lines": 11, "num_statements": 11, "percent_covered": 100.0, "percent_covered_display": "100", "missing_lines": 0, "excluded_lines": 0}, "missing_lines": [], "excluded_lines": []}, "SimplyMCP.resource": {"executed_lines": [429, 430, 432, 444], "summary": {"covered_lines": 4, "num_statements": 4, "percent_covered": 100.0, "percent_covered_display": "100", "missing_lines": 0, "excluded_lines": 0}, "missing_lines": [], "excluded_lines": []}, "SimplyMCP.resource.decorator": {"executed_lines": [434, 437, 440, 442], "summary": {"covered_lines": 4, "num_statements": 4, "percent_covered": 100.0, "percent_covered_display": "100", "missing_lines": 0, "excluded_lines": 0}, "missing_lines": [], "excluded_lines": []}, "SimplyMCP.configure": {"executed_lines": [468, 469, 472, 475, 476, 477, 480, 483, 488], "summary": {"covered_lines": 9, "num_statements": 10, "percent_covered": 90.0, "percent_covered_display": "90", "missing_lines": 1, "excluded_lines": 0}, "missing_lines": [486], "excluded_lines": []}, "SimplyMCP.initialize": {"executed_lines": [503, 504], "summary": {"covered_lines": 2, "num_statements": 2, "percent_covered": 100.0, "percent_covered_display": "100", "missing_lines": 0, "excluded_lines": 0}, "missing_lines": [], "excluded_lines": []}, "SimplyMCP.run": {"executed_lines": [520, 525], "summary": {"covered_lines": 2, "num_statements": 3, "percent_covered": 66.66666666666667, "percent_covered_display": "67", "missing_lines": 1, "excluded_lines": 0}, "missing_lines": [521], "excluded_lines": []}, "SimplyMCP.run_stdio": {"executed_lines": [538], "summary": {"covered_lines": 1, "num_statements": 1, "percent_covered": 100.0, "percent_covered_display": "100", "missing_lines": 0, "excluded_lines": 0}, "missing_lines": [], "excluded_lines": []}, "SimplyMCP.get_server": {"executed_lines": [552], "summary": {"covered_lines": 1, "num_statements": 1, "percent_covered": 100.0, "percent_covered_display": "100", "missing_lines": 0, "excluded_lines": 0}, "missing_lines": [], "excluded_lines": []}, "SimplyMCP.list_tools": {"executed_lines": [567, 568], "summary": {"covered_lines": 2, "num_statements": 2, "percent_covered": 100.0, "percent_covered_display": "100", "missing_lines": 0, "excluded_lines": 0}, "missing_lines": [], "excluded_lines": []}, "SimplyMCP.list_prompts": {"executed_lines": [581, 582], "summary": {"covered_lines": 2, "num_statements": 2, "percent_covered": 100.0, "percent_covered_display": "100", "missing_lines": 0, "excluded_lines": 0}, "missing_lines": [], "excluded_lines": []}, "SimplyMCP.list_resources": {"executed_lines": [595, 596], "summary": {"covered_lines": 2, "num_statements": 2, "percent_covered": 100.0, "percent_covered_display": "100", "missing_lines": 0, "excluded_lines": 0}, "missing_lines": [], "excluded_lines": []}, "": {"executed_lines": [1, 36, 37, 38, 39, 41, 42, 43, 48, 53, 54, 55, 62, 65, 66, 93, 134, 199, 244, 304, 345, 402, 448, 492, 506, 527, 542, 556, 570, 584, 599], "summary": {"covered_lines": 29, "num_statements": 32, "percent_covered": 90.625, "percent_covered_display": "91", "missing_lines": 3, "excluded_lines": 0}, "missing_lines": [44, 45, 46], "excluded_lines": []}}, "classes": {"SimplyMCP": {"executed_lines": [113, 114, 117, 118, 125, 126, 127, 130, 162, 163, 164, 165, 166, 170, 172, 175, 176, 181, 184, 187, 195, 197, 228, 230, 233, 236, 238, 240, 272, 273, 274, 275, 276, 279, 280, 281, 282, 291, 300, 302, 329, 331, 334, 337, 339, 341, 375, 376, 379, 382, 383, 384, 385, 386, 389, 398, 400, 429, 430, 432, 434, 437, 440, 442, 444, 468, 469, 472, 475, 476, 477, 480, 483, 488, 503, 504, 520, 525, 538, 552, 567, 568, 581, 582, 595, 596], "summary": {"covered_lines": 86, "num_statements": 89, "percent_covered": 96.62921348314607, "percent_covered_display": "97", "missing_lines": 3, "excluded_lines": 0}, "missing_lines": [178, 486, 521], "excluded_lines": []}, "": {"executed_lines": [1, 36, 37, 38, 39, 41, 42, 43, 48, 53, 54, 55, 62, 65, 66, 93, 134, 199, 244, 304, 345, 402, 448, 492, 506, 527, 542, 556, 570, 584, 599], "summary": {"covered_lines": 29, "num_statements": 32, "percent_covered": 90.625, "percent_covered_display": "91", "missing_lines": 3, "excluded_lines": 0}, "missing_lines": [44, 45, 46], "excluded_lines": []}}}, "src/simply_mcp/api/decorators.py": {"executed_lines": [1, 33, 34, 35, 36, 38, 39, 40, 45, 46, 47, 48, 55, 56, 59, 62, 77, 78, 79, 82, 97, 100, 112, 115, 174, 176, 179, 180, 181, 182, 183, 187, 189, 190, 191, 196, 199, 202, 210, 211, 214, 215, 218, 220, 222, 225, 261, 263, 266, 267, 268, 269, 270, 273, 274, 275, 276, 284, 293, 294, 297, 298, 301, 303, 305, 308, 350, 351, 353, 355, 358, 359, 360, 361, 362, 365, 374, 375, 378, 379, 382, 384, 386, 389, 442, 444, 447, 448, 449, 452, 453, 455, 457, 466, 469, 472, 474, 475, 477, 480, 484, 486, 488, 489, 492, 498, 500, 502, 503, 506, 514, 516, 518, 519, 522, 529, 532, 538, 541, 544, 546, 548, 551], "summary": {"covered_lines": 122, "num_statements": 127, "percent_covered": 96.06299212598425, "percent_covered_display": "96", "missing_lines": 5, "excluded_lines": 0}, "missing_lines": [41, 42, 43, 193, 481], "excluded_lines": [], "functions": {"get_global_server": {"executed_lines": [77, 78, 79], "summary": {"covered_lines": 3, "num_statements": 3, "percent_covered": 100.0, "percent_covered_display": "100", "missing_lines": 0, "excluded_lines": 0}, "missing_lines": [], "excluded_lines": []}, "set_global_server": {"executed_lines": [97], "summary": {"covered_lines": 1, "num_statements": 1, "percent_covered": 100.0, "percent_covered_display": "100", "missing_lines": 0, "excluded_lines": 0}, "missing_lines": [], "excluded_lines": []}, "reset_global_server": {"executed_lines": [112], "summary": {"covered_lines": 1, "num_statements": 1, "percent_covered": 100.0, "percent_covered_display": "100", "missing_lines": 0, "excluded_lines": 0}, "missing_lines": [], "excluded_lines": []}, "tool": {"executed_lines": [174, 222], "summary": {"covered_lines": 2, "num_statements": 2, "percent_covered": 100.0, "percent_covered_display": "100", "missing_lines": 0, "excluded_lines": 0}, "missing_lines": [], "excluded_lines": []}, "tool.decorator": {"executed_lines": [176, 179, 180, 181, 182, 183, 187, 189, 190, 191, 196, 199, 202, 210, 211, 214, 215, 218, 220], "summary": {"covered_lines": 19, "num_statements": 20, "percent_covered": 95.0, "percent_covered_display": "95", "missing_lines": 1, "excluded_lines": 0}, "missing_lines": [193], "excluded_lines": []}, "prompt": {"executed_lines": [261, 305], "summary": {"covered_lines": 2, "num_statements": 2, "percent_covered": 100.0, "percent_covered_display": "100", "missing_lines": 0, "excluded_lines": 0}, "missing_lines": [], "excluded_lines": []}, "prompt.decorator": {"executed_lines": [263, 266, 267, 268, 269, 270, 273, 274, 275, 276, 284, 293, 294, 297, 298, 301, 303], "summary": {"covered_lines": 17, "num_statements": 17, "percent_covered": 100.0, "percent_covered_display": "100", "missing_lines": 0, "excluded_lines": 0}, "missing_lines": [], "excluded_lines": []}, "resource": {"executed_lines": [350, 351, 353, 386], "summary": {"covered_lines": 4, "num_statements": 4, "percent_covered": 100.0, "percent_covered_display": "100", "missing_lines": 0, "excluded_lines": 0}, "missing_lines": [], "excluded_lines": []}, "resource.decorator": {"executed_lines": [355, 358, 359, 360, 361, 362, 365, 374, 375, 378, 379, 382, 384], "summary": {"covered_lines": 13, "num_statements": 13, "percent_covered": 100.0, "percent_covered_display": "100", "missing_lines": 0, "excluded_lines": 0}, "missing_lines": [], "excluded_lines": []}, "mcp_server": {"executed_lines": [442, 548], "summary": {"covered_lines": 2, "num_statements": 2, "percent_covered": 100.0, "percent_covered_display": "100", "missing_lines": 0, "excluded_lines": 0}, "missing_lines": [], "excluded_lines": []}, "mcp_server.decorator": {"executed_lines": [444, 447, 448, 449, 452, 453, 455, 457, 466, 469, 472, 474, 475, 477, 480, 484, 486, 488, 489, 492, 498, 500, 502, 503, 506, 514, 516, 518, 519, 522, 529, 532, 541, 544, 546], "summary": {"covered_lines": 35, "num_statements": 36, "percent_covered": 97.22222222222223, "percent_covered_display": "97", "missing_lines": 1, "excluded_lines": 0}, "missing_lines": [481], "excluded_lines": []}, "mcp_server.decorator.get_server_impl": {"executed_lines": [538], "summary": {"covered_lines": 1, "num_statements": 1, "percent_covered": 100.0, "percent_covered_display": "100", "missing_lines": 0, "excluded_lines": 0}, "missing_lines": [], "excluded_lines": []}, "": {"executed_lines": [1, 33, 34, 35, 36, 38, 39, 40, 45, 46, 47, 48, 55, 56, 59, 62, 82, 100, 115, 225, 308, 389, 551], "summary": {"covered_lines": 22, "num_statements": 25, "percent_covered": 88.0, "percent_covered_display": "88", "missing_lines": 3, "excluded_lines": 0}, "missing_lines": [41, 42, 43], "excluded_lines": []}}, "classes": {"": {"executed_lines": [1, 33, 34, 35, 36, 38, 39, 40, 45, 46, 47, 48, 55, 56, 59, 62, 77, 78, 79, 82, 97, 100, 112, 115, 174, 176, 179, 180, 181, 182, 183, 187, 189, 190, 191, 196, 199, 202, 210, 211, 214, 215, 218, 220, 222, 225, 261, 263, 266, 267, 268, 269, 270, 273, 274, 275, 276, 284, 293, 294, 297, 298, 301, 303, 305, 308, 350, 351, 353, 355, 358, 359, 360, 361, 362, 365, 374, 375, 378, 379, 382, 384, 386, 389, 442, 444, 447, 448, 449, 452, 453, 455, 457, 466, 469, 472, 474, 475, 477, 480, 484, 486, 488, 489, 492, 498, 500, 502, 503, 506, 514, 516, 518, 519, 522, 529, 532, 538, 541, 544, 546, 548, 551], "summary": {"covered_lines": 122, "num_statements": 127, "percent_covered": 96.06299212598425, "percent_covered_display": "96", "missing_lines": 5, "excluded_lines": 0}, "missing_lines": [41, 42, 43, 193, 481], "excluded_lines": []}}}, "src/simply_mcp/cli/__init__.py": {"executed_lines": [1, 13, 15], "summary": {"covered_lines": 2, "num_statements": 2, "percent_covered": 100.0, "percent_covered_display": "100", "missing_lines": 0, "excluded_lines": 0}, "missing_lines": [], "excluded_lines": [], "functions": {"": {"executed_lines": [1, 13, 15], "summary": {"covered_lines": 2, "num_statements": 2, "percent_covered": 100.0, "percent_covered_display": "100", "missing_lines": 0, "excluded_lines": 0}, "missing_lines": [], "excluded_lines": []}}, "classes": {"": {"executed_lines": [1, 13, 15], "summary": {"covered_lines": 2, "num_statements": 2, "percent_covered": 100.0, "percent_covered_display": "100", "missing_lines": 0, "excluded_lines": 0}, "missing_lines": [], "excluded_lines": []}}}, "src/simply_mcp/cli/bundle.py": {"executed_lines": [1, 8, 9, 10, 11, 12, 14, 15, 16, 18, 28, 37, 38, 39, 40, 42, 43, 44, 45, 46, 47, 48, 50, 51, 53, 56, 62, 90, 109, 110, 111, 113, 115, 139, 140, 165, 197, 200, 209, 211, 214, 217, 219, 220, 221, 222, 225, 227, 228, 229, 230, 231, 236, 238, 239, 240, 243, 245, 246, 247, 250, 251, 252, 259, 266, 272, 278, 285, 290, 333, 335, 336, 337, 338, 344, 495, 503], "summary": {"covered_lines": 76, "num_statements": 134, "percent_covered": 56.71641791044776, "percent_covered_display": "57", "missing_lines": 58, "excluded_lines": 0}, "missing_lines": [232, 233, 241, 347, 358, 359, 360, 362, 363, 364, 372, 374, 377, 378, 381, 382, 385, 386, 387, 390, 391, 400, 401, 402, 404, 407, 408, 410, 415, 417, 419, 436, 438, 439, 443, 445, 446, 447, 449, 452, 453, 454, 455, 464, 465, 475, 476, 477, 478, 479, 480, 481, 482, 485, 496, 497, 499, 500], "excluded_lines": [], "functions": {"detect_imports": {"executed_lines": [37, 38, 39, 40, 42, 43, 44, 45, 46, 47, 48, 50, 51, 53], "summary": {"covered_lines": 14, "num_statements": 14, "percent_covered": 100.0, "percent_covered_display": "100", "missing_lines": 0, "excluded_lines": 0}, "missing_lines": [], "excluded_lines": []}, "get_hidden_imports": {"executed_lines": [62], "summary": {"covered_lines": 1, "num_statements": 1, "percent_covered": 100.0, "percent_covered_display": "100", "missing_lines": 0, "excluded_lines": 0}, "missing_lines": [], "excluded_lines": []}, "generate_spec_file": {"executed_lines": [109, 110, 111, 113, 115, 139, 140, 165, 197], "summary": {"covered_lines": 9, "num_statements": 9, "percent_covered": 100.0, "percent_covered_display": "100", "missing_lines": 0, "excluded_lines": 0}, "missing_lines": [], "excluded_lines": []}, "validate_server_file": {"executed_lines": [209, 211, 214, 217, 219, 220, 221, 222, 225, 227, 228, 229, 230, 231, 236, 238, 239, 240, 243, 245, 246, 247], "summary": {"covered_lines": 22, "num_statements": 25, "percent_covered": 88.0, "percent_covered_display": "88", "missing_lines": 3, "excluded_lines": 0}, "missing_lines": [232, 233, 241], "excluded_lines": []}, "bundle": {"executed_lines": [333, 335, 336, 337, 338, 344, 495], "summary": {"covered_lines": 7, "num_statements": 62, "percent_covered": 11.290322580645162, "percent_covered_display": "11", "missing_lines": 55, "excluded_lines": 0}, "missing_lines": [347, 358, 359, 360, 362, 363, 364, 372, 374, 377, 378, 381, 382, 385, 386, 387, 390, 391, 400, 401, 402, 404, 407, 408, 410, 415, 417, 419, 436, 438, 439, 443, 445, 446, 447, 449, 452, 453, 454, 455, 464, 465, 475, 476, 477, 478, 479, 480, 481, 482, 485, 496, 497, 499, 500], "excluded_lines": []}, "": {"executed_lines": [1, 8, 9, 10, 11, 12, 14, 15, 16, 18, 28, 56, 90, 200, 250, 251, 252, 259, 266, 272, 278, 285, 290, 503], "summary": {"covered_lines": 23, "num_statements": 23, "percent_covered": 100.0, "percent_covered_display": "100", "missing_lines": 0, "excluded_lines": 0}, "missing_lines": [], "excluded_lines": []}}, "classes": {"": {"executed_lines": [1, 8, 9, 10, 11, 12, 14, 15, 16, 18, 28, 37, 38, 39, 40, 42, 43, 44, 45, 46, 47, 48, 50, 51, 53, 56, 62, 90, 109, 110, 111, 113, 115, 139, 140, 165, 197, 200, 209, 211, 214, 217, 219, 220, 221, 222, 225, 227, 228, 229, 230, 231, 236, 238, 239, 240, 243, 245, 246, 247, 250, 251, 252, 259, 266, 272, 278, 285, 290, 333, 335, 336, 337, 338, 344, 495, 503], "summary": {"covered_lines": 76, "num_statements": 134, "percent_covered": 56.71641791044776, "percent_covered_display": "57", "missing_lines": 58, "excluded_lines": 0}, "missing_lines": [232, 233, 241, 347, 358, 359, 360, 362, 363, 364, 372, 374, 377, 378, 381, 382, 385, 386, 387, 390, 391, 400, 401, 402, 404, 407, 408, 410, 415, 417, 419, 436, 438, 439, 443, 445, 446, 447, 449, 452, 453, 454, 455, 464, 465, 475, 476, 477, 478, 479, 480, 481, 482, 485, 496, 497, 499, 500], "excluded_lines": []}}}, "src/simply_mcp/cli/config.py": {"executed_lines": [1, 7, 8, 9, 11, 12, 13, 15, 16, 19, 20, 43, 44, 50, 56, 61, 81, 84, 85, 90, 93, 95, 97, 98, 100, 101, 104, 105, 106, 108, 111, 112, 118, 125, 126, 131, 148, 174, 176, 178, 179, 181, 184, 185, 186, 188, 189, 190, 191, 192, 193, 195, 196, 206, 207, 212, 218, 238, 258, 260, 262, 264, 265, 266, 267, 269, 271, 272, 273, 277, 284, 294, 333, 340, 341, 342, 344, 345, 346, 347, 348, 350, 351, 352, 353, 354, 356, 357, 358, 359, 360, 362, 363, 364, 365, 366, 368, 371], "summary": {"covered_lines": 97, "num_statements": 131, "percent_covered": 74.04580152671755, "percent_covered_display": "74", "missing_lines": 34, "excluded_lines": 0}, "missing_lines": [40, 120, 121, 122, 150, 157, 158, 159, 160, 161, 162, 164, 165, 170, 172, 198, 199, 200, 201, 202, 203, 240, 247, 248, 249, 250, 251, 252, 254, 255, 256, 279, 280, 281], "excluded_lines": [], "functions": {"config": {"executed_lines": [], "summary": {"covered_lines": 0, "num_statements": 1, "percent_covered": 0.0, "percent_covered_display": "0", "missing_lines": 1, "excluded_lines": 0}, "missing_lines": [40], "excluded_lines": []}, "init": {"executed_lines": [81, 84, 85, 90, 93, 95, 97, 98, 100, 101, 104, 105, 106, 108, 111, 112, 118], "summary": {"covered_lines": 17, "num_statements": 20, "percent_covered": 85.0, "percent_covered_display": "85", "missing_lines": 3, "excluded_lines": 0}, "missing_lines": [120, 121, 122], "excluded_lines": []}, "validate": {"executed_lines": [148, 174, 176, 178, 179, 181, 184, 185, 186, 188, 189, 190, 191, 192, 193, 195, 196], "summary": {"covered_lines": 17, "num_statements": 34, "percent_covered": 50.0, "percent_covered_display": "50", "missing_lines": 17, "excluded_lines": 0}, "missing_lines": [150, 157, 158, 159, 160, 161, 162, 164, 165, 170, 172, 198, 199, 200, 201, 202, 203], "excluded_lines": []}, "show": {"executed_lines": [238, 258, 260, 262, 264, 265, 266, 267, 269, 271, 272, 273, 277], "summary": {"covered_lines": 13, "num_statements": 26, "percent_covered": 50.0, "percent_covered_display": "50", "missing_lines": 13, "excluded_lines": 0}, "missing_lines": [240, 247, 248, 249, 250, 251, 252, 254, 255, 256, 279, 280, 281], "excluded_lines": []}, "_generate_toml_config": {"executed_lines": [294], "summary": {"covered_lines": 1, "num_statements": 1, "percent_covered": 100.0, "percent_covered_display": "100", "missing_lines": 0, "excluded_lines": 0}, "missing_lines": [], "excluded_lines": []}, "_display_config_table": {"executed_lines": [340, 341, 342, 344, 345, 346, 347, 348, 350, 351, 352, 353, 354, 356, 357, 358, 359, 360, 362, 363, 364, 365, 366, 368], "summary": {"covered_lines": 24, "num_statements": 24, "percent_covered": 100.0, "percent_covered_display": "100", "missing_lines": 0, "excluded_lines": 0}, "missing_lines": [], "excluded_lines": []}, "": {"executed_lines": [1, 7, 8, 9, 11, 12, 13, 15, 16, 19, 20, 43, 44, 50, 56, 61, 125, 126, 131, 206, 207, 212, 218, 284, 333, 371], "summary": {"covered_lines": 25, "num_statements": 25, "percent_covered": 100.0, "percent_covered_display": "100", "missing_lines": 0, "excluded_lines": 0}, "missing_lines": [], "excluded_lines": []}}, "classes": {"": {"executed_lines": [1, 7, 8, 9, 11, 12, 13, 15, 16, 19, 20, 43, 44, 50, 56, 61, 81, 84, 85, 90, 93, 95, 97, 98, 100, 101, 104, 105, 106, 108, 111, 112, 118, 125, 126, 131, 148, 174, 176, 178, 179, 181, 184, 185, 186, 188, 189, 190, 191, 192, 193, 195, 196, 206, 207, 212, 218, 238, 258, 260, 262, 264, 265, 266, 267, 269, 271, 272, 273, 277, 284, 294, 333, 340, 341, 342, 344, 345, 346, 347, 348, 350, 351, 352, 353, 354, 356, 357, 358, 359, 360, 362, 363, 364, 365, 366, 368, 371], "summary": {"covered_lines": 97, "num_statements": 131, "percent_covered": 74.04580152671755, "percent_covered_display": "74", "missing_lines": 34, "excluded_lines": 0}, "missing_lines": [40, 120, 121, 122, 150, 157, 158, 159, 160, 161, 162, 164, 165, 170, 172, 198, 199, 200, 201, 202, 203, 240, 247, 248, 249, 250, 251, 252, 254, 255, 256, 279, 280, 281], "excluded_lines": []}}}, "src/simply_mcp/cli/dev.py": {"executed_lines": [1, 17, 18, 19, 20, 21, 22, 25, 26, 27, 28, 29, 33, 34, 35, 36, 37, 39, 47, 50, 51, 53, 74, 75, 76, 77, 78, 81, 89, 91, 92, 94, 95, 97, 98, 99, 100, 102, 104, 106, 108, 117, 125, 131, 132, 133, 139, 155, 156, 157, 158, 159, 160, 162, 163, 164, 165, 166, 168, 169, 171, 172, 173, 174, 175, 177, 180, 186, 188, 189, 191, 192, 193, 196, 197, 198, 201, 202, 203, 204, 207, 208, 215, 223, 230, 231, 232, 234, 235, 238, 250, 251, 252, 254, 255, 256, 257, 263, 264, 265, 277, 280, 281, 282, 288, 294, 300, 305, 310, 315, 364, 366, 367, 371, 372, 373, 376, 380, 389, 390, 393, 394, 395, 396, 397, 399, 400, 402, 404, 407, 418, 419, 420, 422, 423, 427, 428, 431, 439, 447, 450, 451, 452, 453, 455, 457, 459, 461, 462, 463, 464, 466, 467, 471, 478, 479, 480, 481, 482, 483, 484, 486, 494], "summary": {"covered_lines": 161, "num_statements": 190, "percent_covered": 84.73684210526316, "percent_covered_display": "85", "missing_lines": 29, "excluded_lines": 0}, "missing_lines": [30, 31, 135, 136, 216, 224, 258, 259, 260, 262, 266, 267, 268, 269, 271, 273, 275, 368, 369, 377, 454, 472, 473, 474, 475, 487, 488, 490, 491], "excluded_lines": [], "functions": {"DevServerHandler.__init__": {"executed_lines": [74, 75, 76, 77, 78, 81], "summary": {"covered_lines": 6, "num_statements": 6, "percent_covered": 100.0, "percent_covered_display": "100", "missing_lines": 0, "excluded_lines": 0}, "missing_lines": [], "excluded_lines": []}, "DevServerHandler._display_metrics": {"executed_lines": [91, 92, 94, 95, 97, 98, 99, 100, 102], "summary": {"covered_lines": 9, "num_statements": 9, "percent_covered": 100.0, "percent_covered_display": "100", "missing_lines": 0, "excluded_lines": 0}, "missing_lines": [], "excluded_lines": []}, "DevServerHandler._start_server": {"executed_lines": [106, 108, 117, 125, 131, 132, 133], "summary": {"covered_lines": 7, "num_statements": 9, "percent_covered": 77.77777777777777, "percent_covered_display": "78", "missing_lines": 2, "excluded_lines": 0}, "missing_lines": [135, 136], "excluded_lines": []}, "_display_welcome_banner": {"executed_lines": [155, 156, 157, 158, 159, 160, 162, 163, 164, 165, 166, 168, 169, 171, 172, 173, 174, 175, 177], "summary": {"covered_lines": 19, "num_statements": 19, "percent_covered": 100.0, "percent_covered_display": "100", "missing_lines": 0, "excluded_lines": 0}, "missing_lines": [], "excluded_lines": []}, "_display_components": {"executed_lines": [186, 188, 189, 191, 192, 193, 196, 197, 198, 201, 202, 203, 204, 207, 208, 215, 223, 230, 231, 232, 234, 235], "summary": {"covered_lines": 22, "num_statements": 24, "percent_covered": 91.66666666666667, "percent_covered_display": "92", "missing_lines": 2, "excluded_lines": 0}, "missing_lines": [216, 224], "excluded_lines": []}, "_handle_keyboard_input": {"executed_lines": [250, 251, 252, 254, 255, 256, 257, 263, 264, 265, 277], "summary": {"covered_lines": 11, "num_statements": 22, "percent_covered": 50.0, "percent_covered_display": "50", "missing_lines": 11, "excluded_lines": 0}, "missing_lines": [258, 259, 260, 262, 266, 267, 268, 269, 271, 273, 275], "excluded_lines": []}, "dev": {"executed_lines": [364, 366, 367, 371, 372, 373, 376, 380, 389, 390, 393, 394, 395, 396, 397, 399, 400, 402, 404, 407, 418, 419, 420, 422, 423, 427, 428, 431, 439, 447, 450, 451, 452, 453, 455, 457, 459, 461, 462, 463, 464, 466, 467, 471, 478, 479, 480, 481, 482, 483, 484, 486], "summary": {"covered_lines": 52, "num_statements": 64, "percent_covered": 81.25, "percent_covered_display": "81", "missing_lines": 12, "excluded_lines": 0}, "missing_lines": [368, 369, 377, 454, 472, 473, 474, 475, 487, 488, 490, 491], "excluded_lines": []}, "": {"executed_lines": [1, 17, 18, 19, 20, 21, 22, 25, 26, 27, 28, 29, 33, 34, 35, 36, 37, 39, 47, 50, 51, 53, 89, 104, 139, 180, 238, 280, 281, 282, 288, 294, 300, 305, 310, 315, 494], "summary": {"covered_lines": 35, "num_statements": 37, "percent_covered": 94.5945945945946, "percent_covered_display": "95", "missing_lines": 2, "excluded_lines": 0}, "missing_lines": [30, 31], "excluded_lines": []}}, "classes": {"DevServerHandler": {"executed_lines": [74, 75, 76, 77, 78, 81, 91, 92, 94, 95, 97, 98, 99, 100, 102, 106, 108, 117, 125, 131, 132, 133], "summary": {"covered_lines": 22, "num_statements": 24, "percent_covered": 91.66666666666667, "percent_covered_display": "92", "missing_lines": 2, "excluded_lines": 0}, "missing_lines": [135, 136], "excluded_lines": []}, "": {"executed_lines": [1, 17, 18, 19, 20, 21, 22, 25, 26, 27, 28, 29, 33, 34, 35, 36, 37, 39, 47, 50, 51, 53, 89, 104, 139, 155, 156, 157, 158, 159, 160, 162, 163, 164, 165, 166, 168, 169, 171, 172, 173, 174, 175, 177, 180, 186, 188, 189, 191, 192, 193, 196, 197, 198, 201, 202, 203, 204, 207, 208, 215, 223, 230, 231, 232, 234, 235, 238, 250, 251, 252, 254, 255, 256, 257, 263, 264, 265, 277, 280, 281, 282, 288, 294, 300, 305, 310, 315, 364, 366, 367, 371, 372, 373, 376, 380, 389, 390, 393, 394, 395, 396, 397, 399, 400, 402, 404, 407, 418, 419, 420, 422, 423, 427, 428, 431, 439, 447, 450, 451, 452, 453, 455, 457, 459, 461, 462, 463, 464, 466, 467, 471, 478, 479, 480, 481, 482, 483, 484, 486, 494], "summary": {"covered_lines": 139, "num_statements": 166, "percent_covered": 83.73493975903614, "percent_covered_display": "84", "missing_lines": 27, "excluded_lines": 0}, "missing_lines": [30, 31, 216, 224, 258, 259, 260, 262, 266, 267, 268, 269, 271, 273, 275, 368, 369, 377, 454, 472, 473, 474, 475, 487, 488, 490, 491], "excluded_lines": []}}}, "src/simply_mcp/cli/list_cmd.py": {"executed_lines": [1, 7, 8, 9, 11, 12, 14, 23, 24, 25, 30, 35, 40, 46, 76, 78, 80, 81, 82, 83, 84, 85, 86, 87, 88, 89, 90, 93, 95, 96, 104, 106, 109, 110, 111, 114, 115, 116, 117, 118, 119, 120, 121, 122, 123, 126, 127, 128, 129, 130, 131, 132, 135, 136, 137, 140, 148, 149, 150, 152, 156, 163, 177, 179, 180, 189, 190, 199, 200, 211, 214, 229, 230, 231, 232, 233, 234, 235, 237, 238, 239, 240, 243, 244, 251, 252, 253, 254, 256, 263, 264, 270, 271, 274], "summary": {"covered_lines": 93, "num_statements": 97, "percent_covered": 95.87628865979381, "percent_covered_display": "96", "missing_lines": 4, "excluded_lines": 0}, "missing_lines": [157, 158, 159, 160], "excluded_lines": [], "functions": {"list_components": {"executed_lines": [76, 78, 80, 81, 82, 83, 84, 85, 86, 87, 88, 89, 90, 93, 95, 96, 104, 106, 109, 110, 111, 114, 115, 116, 117, 118, 119, 120, 121, 122, 123, 126, 127, 128, 129, 130, 131, 132, 135, 136, 137, 140, 148, 149, 150, 152, 156], "summary": {"covered_lines": 47, "num_statements": 51, "percent_covered": 92.15686274509804, "percent_covered_display": "92", "missing_lines": 4, "excluded_lines": 0}, "missing_lines": [157, 158, 159, 160], "excluded_lines": []}, "_output_json": {"executed_lines": [177, 179, 180, 189, 190, 199, 200, 211], "summary": {"covered_lines": 8, "num_statements": 8, "percent_covered": 100.0, "percent_covered_display": "100", "missing_lines": 0, "excluded_lines": 0}, "missing_lines": [], "excluded_lines": []}, "_output_table": {"executed_lines": [229, 230, 231, 232, 233, 234, 235, 237, 238, 239, 240, 243, 244, 251, 252, 253, 254, 256, 263, 264, 270, 271], "summary": {"covered_lines": 22, "num_statements": 22, "percent_covered": 100.0, "percent_covered_display": "100", "missing_lines": 0, "excluded_lines": 0}, "missing_lines": [], "excluded_lines": []}, "": {"executed_lines": [1, 7, 8, 9, 11, 12, 14, 23, 24, 25, 30, 35, 40, 46, 163, 214, 274], "summary": {"covered_lines": 16, "num_statements": 16, "percent_covered": 100.0, "percent_covered_display": "100", "missing_lines": 0, "excluded_lines": 0}, "missing_lines": [], "excluded_lines": []}}, "classes": {"": {"executed_lines": [1, 7, 8, 9, 11, 12, 14, 23, 24, 25, 30, 35, 40, 46, 76, 78, 80, 81, 82, 83, 84, 85, 86, 87, 88, 89, 90, 93, 95, 96, 104, 106, 109, 110, 111, 114, 115, 116, 117, 118, 119, 120, 121, 122, 123, 126, 127, 128, 129, 130, 131, 132, 135, 136, 137, 140, 148, 149, 150, 152, 156, 163, 177, 179, 180, 189, 190, 199, 200, 211, 214, 229, 230, 231, 232, 233, 234, 235, 237, 238, 239, 240, 243, 244, 251, 252, 253, 254, 256, 263, 264, 270, 271, 274], "summary": {"covered_lines": 93, "num_statements": 97, "percent_covered": 95.87628865979381, "percent_covered_display": "96", "missing_lines": 4, "excluded_lines": 0}, "missing_lines": [157, 158, 159, 160], "excluded_lines": []}}}, "src/simply_mcp/cli/main.py": {"executed_lines": [1, 12, 14, 17, 18, 19, 48, 50, 51, 53, 54, 55, 56, 57, 58, 61, 64], "summary": {"covered_lines": 16, "num_statements": 17, "percent_covered": 94.11764705882354, "percent_covered_display": "94", "missing_lines": 1, "excluded_lines": 0}, "missing_lines": [43], "excluded_lines": [], "functions": {"cli": {"executed_lines": [], "summary": {"covered_lines": 0, "num_statements": 1, "percent_covered": 0.0, "percent_covered_display": "0", "missing_lines": 1, "excluded_lines": 0}, "missing_lines": [43], "excluded_lines": []}, "_register_commands": {"executed_lines": [50, 51, 53, 54, 55, 56, 57, 58], "summary": {"covered_lines": 8, "num_statements": 8, "percent_covered": 100.0, "percent_covered_display": "100", "missing_lines": 0, "excluded_lines": 0}, "missing_lines": [], "excluded_lines": []}, "": {"executed_lines": [1, 12, 14, 17, 18, 19, 48, 61, 64], "summary": {"covered_lines": 8, "num_statements": 8, "percent_covered": 100.0, "percent_covered_display": "100", "missing_lines": 0, "excluded_lines": 0}, "missing_lines": [], "excluded_lines": []}}, "classes": {"": {"executed_lines": [1, 12, 14, 17, 18, 19, 48, 50, 51, 53, 54, 55, 56, 57, 58, 61, 64], "summary": {"covered_lines": 16, "num_statements": 17, "percent_covered": 94.11764705882354, "percent_covered_display": "94", "missing_lines": 1, "excluded_lines": 0}, "missing_lines": [43], "excluded_lines": []}}}, "src/simply_mcp/cli/run.py": {"executed_lines": [1, 8, 9, 11, 12, 14, 22, 23, 26, 27, 28, 34, 40, 46, 51, 57, 62, 104, 105, 109, 111, 114, 115, 116, 117, 118, 120, 128, 129, 130, 131, 132, 133, 134, 135, 138, 139, 142, 143, 144, 145, 146, 147, 148, 149, 150, 151, 152, 153, 156, 157, 159, 160, 168, 170, 173, 174, 183, 185, 187, 188, 189, 192, 193, 198, 205, 206, 207, 208, 212, 214, 220, 221, 222, 223, 228, 229, 235, 236, 237, 238, 239, 240, 241, 242, 243, 244, 245, 246, 249, 250, 251, 252, 254, 255, 256, 257, 258, 261], "summary": {"covered_lines": 98, "num_statements": 98, "percent_covered": 100.0, "percent_covered_display": "100", "missing_lines": 0, "excluded_lines": 0}, "missing_lines": [], "excluded_lines": [], "functions": {"run": {"executed_lines": [104, 105, 109, 111, 114, 115, 116, 117, 118, 120, 128, 129, 130, 131, 132, 133, 134, 135, 138, 139, 142, 143, 144, 145, 146, 147, 148, 149, 150, 151, 152, 153, 156, 157, 159, 160, 168, 170, 173, 174, 183, 185, 249, 250, 251, 252, 254, 255, 256, 257, 258], "summary": {"covered_lines": 51, "num_statements": 51, "percent_covered": 100.0, "percent_covered_display": "100", "missing_lines": 0, "excluded_lines": 0}, "missing_lines": [], "excluded_lines": []}, "run.run_server": {"executed_lines": [187, 188, 189, 192, 193, 198, 205, 206, 207, 208, 212, 214, 220, 221, 222, 223, 228, 229, 235, 236, 237, 238, 239, 240, 241, 242, 243, 244, 245, 246], "summary": {"covered_lines": 30, "num_statements": 30, "percent_covered": 100.0, "percent_covered_display": "100", "missing_lines": 0, "excluded_lines": 0}, "missing_lines": [], "excluded_lines": []}, "": {"executed_lines": [1, 8, 9, 11, 12, 14, 22, 23, 26, 27, 28, 34, 40, 46, 51, 57, 62, 261], "summary": {"covered_lines": 17, "num_statements": 17, "percent_covered": 100.0, "percent_covered_display": "100", "missing_lines": 0, "excluded_lines": 0}, "missing_lines": [], "excluded_lines": []}}, "classes": {"": {"executed_lines": [1, 8, 9, 11, 12, 14, 22, 23, 26, 27, 28, 34, 40, 46, 51, 57, 62, 104, 105, 109, 111, 114, 115, 116, 117, 118, 120, 128, 129, 130, 131, 132, 133, 134, 135, 138, 139, 142, 143, 144, 145, 146, 147, 148, 149, 150, 151, 152, 153, 156, 157, 159, 160, 168, 170, 173, 174, 183, 185, 187, 188, 189, 192, 193, 198, 205, 206, 207, 208, 212, 214, 220, 221, 222, 223, 228, 229, 235, 236, 237, 238, 239, 240, 241, 242, 243, 244, 245, 246, 249, 250, 251, 252, 254, 255, 256, 257, 258, 261], "summary": {"covered_lines": 98, "num_statements": 98, "percent_covered": 100.0, "percent_covered_display": "100", "missing_lines": 0, "excluded_lines": 0}, "missing_lines": [], "excluded_lines": []}}}, "src/simply_mcp/cli/utils.py": {"executed_lines": [1, 10, 11, 12, 13, 14, 16, 17, 18, 20, 21, 22, 25, 28, 41, 43, 44, 46, 47, 50, 51, 53, 54, 57, 58, 60, 61, 62, 64, 66, 67, 68, 69, 72, 73, 76, 93, 94, 95, 96, 99, 100, 101, 102, 103, 104, 107, 108, 109, 110, 111, 112, 113, 115, 118, 127, 128, 131, 138, 141, 148, 151, 158, 161, 178, 179, 180, 181, 184, 185, 186, 193, 194, 195, 202, 203, 204, 210, 213, 222, 223, 226], "summary": {"covered_lines": 81, "num_statements": 81, "percent_covered": 100.0, "percent_covered_display": "100", "missing_lines": 0, "excluded_lines": 0}, "missing_lines": [], "excluded_lines": [], "functions": {"load_python_module": {"executed_lines": [41, 43, 44, 46, 47, 50, 51, 53, 54, 57, 58, 60, 61, 62, 64, 66, 67, 68, 69, 72, 73], "summary": {"covered_lines": 21, "num_statements": 21, "percent_covered": 100.0, "percent_covered_display": "100", "missing_lines": 0, "excluded_lines": 0}, "missing_lines": [], "excluded_lines": []}, "detect_api_style": {"executed_lines": [93, 94, 95, 96, 99, 100, 101, 102, 103, 104, 107, 108, 109, 110, 111, 112, 113, 115], "summary": {"covered_lines": 18, "num_statements": 18, "percent_covered": 100.0, "percent_covered_display": "100", "missing_lines": 0, "excluded_lines": 0}, "missing_lines": [], "excluded_lines": []}, "get_server_instance": {"executed_lines": [127, 128], "summary": {"covered_lines": 2, "num_statements": 2, "percent_covered": 100.0, "percent_covered_display": "100", "missing_lines": 0, "excluded_lines": 0}, "missing_lines": [], "excluded_lines": []}, "format_error": {"executed_lines": [138], "summary": {"covered_lines": 1, "num_statements": 1, "percent_covered": 100.0, "percent_covered_display": "100", "missing_lines": 0, "excluded_lines": 0}, "missing_lines": [], "excluded_lines": []}, "format_success": {"executed_lines": [148], "summary": {"covered_lines": 1, "num_statements": 1, "percent_covered": 100.0, "percent_covered_display": "100", "missing_lines": 0, "excluded_lines": 0}, "missing_lines": [], "excluded_lines": []}, "format_info": {"executed_lines": [158], "summary": {"covered_lines": 1, "num_statements": 1, "percent_covered": 100.0, "percent_covered_display": "100", "missing_lines": 0, "excluded_lines": 0}, "missing_lines": [], "excluded_lines": []}, "create_components_table": {"executed_lines": [178, 179, 180, 181, 184, 185, 186, 193, 194, 195, 202, 203, 204, 210], "summary": {"covered_lines": 14, "num_statements": 14, "percent_covered": 100.0, "percent_covered_display": "100", "missing_lines": 0, "excluded_lines": 0}, "missing_lines": [], "excluded_lines": []}, "validate_python_file": {"executed_lines": [222, 223], "summary": {"covered_lines": 2, "num_statements": 2, "percent_covered": 100.0, "percent_covered_display": "100", "missing_lines": 0, "excluded_lines": 0}, "missing_lines": [], "excluded_lines": []}, "": {"executed_lines": [1, 10, 11, 12, 13, 14, 16, 17, 18, 20, 21, 22, 25, 28, 76, 118, 131, 141, 151, 161, 213, 226], "summary": {"covered_lines": 21, "num_statements": 21, "percent_covered": 100.0, "percent_covered_display": "100", "missing_lines": 0, "excluded_lines": 0}, "missing_lines": [], "excluded_lines": []}}, "classes": {"": {"executed_lines": [1, 10, 11, 12, 13, 14, 16, 17, 18, 20, 21, 22, 25, 28, 41, 43, 44, 46, 47, 50, 51, 53, 54, 57, 58, 60, 61, 62, 64, 66, 67, 68, 69, 72, 73, 76, 93, 94, 95, 96, 99, 100, 101, 102, 103, 104, 107, 108, 109, 110, 111, 112, 113, 115, 118, 127, 128, 131, 138, 141, 148, 151, 158, 161, 178, 179, 180, 181, 184, 185, 186, 193, 194, 195, 202, 203, 204, 210, 213, 222, 223, 226], "summary": {"covered_lines": 81, "num_statements": 81, "percent_covered": 100.0, "percent_covered_display": "100", "missing_lines": 0, "excluded_lines": 0}, "missing_lines": [], "excluded_lines": []}}}, "src/simply_mcp/cli/watch.py": {"executed_lines": [1, 15, 16, 17, 18, 19, 20, 22, 23, 24, 25, 27, 30, 66, 67, 69, 86, 87, 88, 89, 90, 91, 92, 93, 94, 97, 99, 108, 111, 113, 114, 115, 118, 119, 121, 122, 124, 126, 128, 130, 139, 146, 154, 156, 159, 161, 162, 165, 168, 169, 170, 172, 173, 174, 176, 178, 179, 181, 183, 189, 192, 193, 195, 198, 202, 203, 212, 213, 214, 216, 222, 223, 226, 229, 230, 233, 234, 236, 238, 260, 282, 284, 285, 288, 289, 290, 296, 302, 307, 313, 319, 325, 330, 379, 381, 382, 386, 387, 388, 391, 392, 395, 396, 397, 398, 399, 400, 405, 413, 414, 415, 417, 418, 420, 428, 437, 438, 439, 441, 443, 444, 445, 446, 447, 448, 449, 450, 452, 460], "summary": {"covered_lines": 127, "num_statements": 155, "percent_covered": 81.93548387096774, "percent_covered_display": "82", "missing_lines": 28, "excluded_lines": 0}, "missing_lines": [116, 151, 152, 157, 199, 244, 245, 248, 251, 252, 255, 256, 258, 266, 267, 270, 273, 274, 277, 278, 280, 383, 384, 402, 453, 454, 456, 457], "excluded_lines": [], "functions": {"ServerReloadHandler.__init__": {"executed_lines": [86, 87, 88, 89, 90, 91, 92, 93, 94, 97], "summary": {"covered_lines": 10, "num_statements": 10, "percent_covered": 100.0, "percent_covered_display": "100", "missing_lines": 0, "excluded_lines": 0}, "missing_lines": [], "excluded_lines": []}, "ServerReloadHandler._should_ignore": {"executed_lines": [108, 111, 113, 114, 115, 118, 119, 121, 122, 124], "summary": {"covered_lines": 10, "num_statements": 11, "percent_covered": 90.9090909090909, "percent_covered_display": "91", "missing_lines": 1, "excluded_lines": 0}, "missing_lines": [116], "excluded_lines": []}, "ServerReloadHandler._start_server": {"executed_lines": [128, 130, 139, 146], "summary": {"covered_lines": 4, "num_statements": 6, "percent_covered": 66.66666666666667, "percent_covered_display": "67", "missing_lines": 2, "excluded_lines": 0}, "missing_lines": [151, 152], "excluded_lines": []}, "ServerReloadHandler._stop_server": {"executed_lines": [156, 159, 161, 162, 165, 168, 169, 170, 172, 173, 174, 176, 178, 179, 181], "summary": {"covered_lines": 15, "num_statements": 16, "percent_covered": 93.75, "percent_covered_display": "94", "missing_lines": 1, "excluded_lines": 0}, "missing_lines": [157], "excluded_lines": []}, "ServerReloadHandler._reload_server": {"executed_lines": [189, 192, 193, 195, 198, 202, 203, 212, 213, 214], "summary": {"covered_lines": 10, "num_statements": 11, "percent_covered": 90.9090909090909, "percent_covered_display": "91", "missing_lines": 1, "excluded_lines": 0}, "missing_lines": [199], "excluded_lines": []}, "ServerReloadHandler.on_modified": {"executed_lines": [222, 223, 226, 229, 230, 233, 234, 236], "summary": {"covered_lines": 8, "num_statements": 8, "percent_covered": 100.0, "percent_covered_display": "100", "missing_lines": 0, "excluded_lines": 0}, "missing_lines": [], "excluded_lines": []}, "ServerReloadHandler.on_created": {"executed_lines": [], "summary": {"covered_lines": 0, "num_statements": 8, "percent_covered": 0.0, "percent_covered_display": "0", "missing_lines": 8, "excluded_lines": 0}, "missing_lines": [244, 245, 248, 251, 252, 255, 256, 258], "excluded_lines": []}, "ServerReloadHandler.on_deleted": {"executed_lines": [], "summary": {"covered_lines": 0, "num_statements": 8, "percent_covered": 0.0, "percent_covered_display": "0", "missing_lines": 8, "excluded_lines": 0}, "missing_lines": [266, 267, 270, 273, 274, 277, 278, 280], "excluded_lines": []}, "ServerReloadHandler.stop": {"executed_lines": [284, 285], "summary": {"covered_lines": 2, "num_statements": 2, "percent_covered": 100.0, "percent_covered_display": "100", "missing_lines": 0, "excluded_lines": 0}, "missing_lines": [], "excluded_lines": []}, "watch": {"executed_lines": [379, 381, 382, 386, 387, 388, 391, 392, 395, 396, 397, 398, 399, 400, 405, 413, 414, 415, 417, 418, 420, 428, 437, 438, 439, 441, 443, 444, 445, 446, 447, 448, 449, 450, 452], "summary": {"covered_lines": 35, "num_statements": 42, "percent_covered": 83.33333333333333, "percent_covered_display": "83", "missing_lines": 7, "excluded_lines": 0}, "missing_lines": [383, 384, 402, 453, 454, 456, 457], "excluded_lines": []}, "": {"executed_lines": [1, 15, 16, 17, 18, 19, 20, 22, 23, 24, 25, 27, 30, 66, 67, 69, 99, 126, 154, 183, 216, 238, 260, 282, 288, 289, 290, 296, 302, 307, 313, 319, 325, 330, 460], "summary": {"covered_lines": 33, "num_statements": 33, "percent_covered": 100.0, "percent_covered_display": "100", "missing_lines": 0, "excluded_lines": 0}, "missing_lines": [], "excluded_lines": []}}, "classes": {"ServerReloadHandler": {"executed_lines": [86, 87, 88, 89, 90, 91, 92, 93, 94, 97, 108, 111, 113, 114, 115, 118, 119, 121, 122, 124, 128, 130, 139, 146, 156, 159, 161, 162, 165, 168, 169, 170, 172, 173, 174, 176, 178, 179, 181, 189, 192, 193, 195, 198, 202, 203, 212, 213, 214, 222, 223, 226, 229, 230, 233, 234, 236, 284, 285], "summary": {"covered_lines": 59, "num_statements": 80, "percent_covered": 73.75, "percent_covered_display": "74", "missing_lines": 21, "excluded_lines": 0}, "missing_lines": [116, 151, 152, 157, 199, 244, 245, 248, 251, 252, 255, 256, 258, 266, 267, 270, 273, 274, 277, 278, 280], "excluded_lines": []}, "": {"executed_lines": [1, 15, 16, 17, 18, 19, 20, 22, 23, 24, 25, 27, 30, 66, 67, 69, 99, 126, 154, 183, 216, 238, 260, 282, 288, 289, 290, 296, 302, 307, 313, 319, 325, 330, 379, 381, 382, 386, 387, 388, 391, 392, 395, 396, 397, 398, 399, 400, 405, 413, 414, 415, 417, 418, 420, 428, 437, 438, 439, 441, 443, 444, 445, 446, 447, 448, 449, 450, 452, 460], "summary": {"covered_lines": 68, "num_statements": 75, "percent_covered": 90.66666666666667, "percent_covered_display": "91", "missing_lines": 7, "excluded_lines": 0}, "missing_lines": [383, 384, 402, 453, 454, 456, 457], "excluded_lines": []}}}, "src/simply_mcp/core/__init__.py": {"executed_lines": [1, 9, 23, 46, 67], "summary": {"covered_lines": 4, "num_statements": 4, "percent_covered": 100.0, "percent_covered_display": "100", "missing_lines": 0, "excluded_lines": 0}, "missing_lines": [], "excluded_lines": [], "functions": {"": {"executed_lines": [1, 9, 23, 46, 67], "summary": {"covered_lines": 4, "num_statements": 4, "percent_covered": 100.0, "percent_covered_display": "100", "missing_lines": 0, "excluded_lines": 0}, "missing_lines": [], "excluded_lines": []}}, "classes": {"": {"executed_lines": [1, 9, 23, 46, 67], "summary": {"covered_lines": 4, "num_statements": 4, "percent_covered": 100.0, "percent_covered_display": "100", "missing_lines": 0, "excluded_lines": 0}, "missing_lines": [], "excluded_lines": []}}}, "src/simply_mcp/core/config.py": {"executed_lines": [1, 7, 8, 9, 10, 12, 15, 17, 18, 20, 23, 24, 34, 35, 36, 37, 38, 41, 42, 53, 54, 55, 56, 57, 58, 61, 62, 70, 71, 72, 75, 76, 86, 87, 88, 89, 90, 92, 93, 94, 96, 97, 98, 99, 100, 103, 104, 113, 114, 115, 116, 119, 120, 128, 129, 132, 137, 138, 152, 159, 163, 167, 171, 175, 179, 185, 204, 206, 207, 209, 211, 212, 213, 214, 215, 217, 218, 220, 222, 225, 240, 243, 262, 265, 268, 270, 271, 272, 275, 278, 279, 280, 282, 285, 288, 289, 290, 291, 297, 298, 300, 302, 303, 315, 318, 347, 349, 356, 357, 362, 363, 365, 368, 371, 372, 375, 377, 380, 397, 398, 399, 401, 403, 405, 408, 419, 422], "summary": {"covered_lines": 119, "num_statements": 133, "percent_covered": 89.47368421052632, "percent_covered_display": "89", "missing_lines": 14, "excluded_lines": 0}, "missing_lines": [13, 281, 293, 294, 301, 304, 305, 307, 310, 311, 312, 313, 358, 359], "excluded_lines": [], "functions": {"AuthConfigModel.validate_api_keys": {"executed_lines": [96, 97, 98, 99, 100], "summary": {"covered_lines": 5, "num_statements": 5, "percent_covered": 100.0, "percent_covered_display": "100", "missing_lines": 0, "excluded_lines": 0}, "missing_lines": [], "excluded_lines": []}, "load_config_from_file": {"executed_lines": [204, 206, 207, 209, 211, 212, 213, 214, 215, 217, 218, 220, 222], "summary": {"covered_lines": 13, "num_statements": 13, "percent_covered": 100.0, "percent_covered_display": "100", "missing_lines": 0, "excluded_lines": 0}, "missing_lines": [], "excluded_lines": []}, "load_config_from_env": {"executed_lines": [240], "summary": {"covered_lines": 1, "num_statements": 1, "percent_covered": 100.0, "percent_covered_display": "100", "missing_lines": 0, "excluded_lines": 0}, "missing_lines": [], "excluded_lines": []}, "_merge_env_vars": {"executed_lines": [262, 265, 268, 270, 271, 272, 275, 278, 279, 280, 282, 285, 288, 289, 290, 291, 297, 298, 300, 302, 303, 315], "summary": {"covered_lines": 22, "num_statements": 33, "percent_covered": 66.66666666666667, "percent_covered_display": "67", "missing_lines": 11, "excluded_lines": 0}, "missing_lines": [281, 293, 294, 301, 304, 305, 307, 310, 311, 312, 313], "excluded_lines": []}, "load_config": {"executed_lines": [347, 349, 356, 357, 362, 363, 365, 368, 371, 372, 375, 377], "summary": {"covered_lines": 12, "num_statements": 14, "percent_covered": 85.71428571428571, "percent_covered_display": "86", "missing_lines": 2, "excluded_lines": 0}, "missing_lines": [358, 359], "excluded_lines": []}, "validate_config": {"executed_lines": [397, 398, 399, 401, 403, 405], "summary": {"covered_lines": 6, "num_statements": 6, "percent_covered": 100.0, "percent_covered_display": "100", "missing_lines": 0, "excluded_lines": 0}, "missing_lines": [], "excluded_lines": []}, "get_default_config": {"executed_lines": [419], "summary": {"covered_lines": 1, "num_statements": 1, "percent_covered": 100.0, "percent_covered_display": "100", "missing_lines": 0, "excluded_lines": 0}, "missing_lines": [], "excluded_lines": []}, "": {"executed_lines": [1, 7, 8, 9, 10, 12, 15, 17, 18, 20, 23, 24, 34, 35, 36, 37, 38, 41, 42, 53, 54, 55, 56, 57, 58, 61, 62, 70, 71, 72, 75, 76, 86, 87, 88, 89, 90, 92, 93, 94, 103, 104, 113, 114, 115, 116, 119, 120, 128, 129, 132, 137, 138, 152, 159, 163, 167, 171, 175, 179, 185, 225, 243, 318, 380, 408, 422], "summary": {"covered_lines": 59, "num_statements": 60, "percent_covered": 98.33333333333333, "percent_covered_display": "98", "missing_lines": 1, "excluded_lines": 0}, "missing_lines": [13], "excluded_lines": []}}, "classes": {"ServerMetadataModel": {"executed_lines": [], "summary": {"covered_lines": 0, "num_statements": 0, "percent_covered": 100.0, "percent_covered_display": "100", "missing_lines": 0, "excluded_lines": 0}, "missing_lines": [], "excluded_lines": []}, "TransportConfigModel": {"executed_lines": [], "summary": {"covered_lines": 0, "num_statements": 0, "percent_covered": 100.0, "percent_covered_display": "100", "missing_lines": 0, "excluded_lines": 0}, "missing_lines": [], "excluded_lines": []}, "RateLimitConfigModel": {"executed_lines": [], "summary": {"covered_lines": 0, "num_statements": 0, "percent_covered": 100.0, "percent_covered_display": "100", "missing_lines": 0, "excluded_lines": 0}, "missing_lines": [], "excluded_lines": []}, "AuthConfigModel": {"executed_lines": [96, 97, 98, 99, 100], "summary": {"covered_lines": 5, "num_statements": 5, "percent_covered": 100.0, "percent_covered_display": "100", "missing_lines": 0, "excluded_lines": 0}, "missing_lines": [], "excluded_lines": []}, "LogConfigModel": {"executed_lines": [], "summary": {"covered_lines": 0, "num_statements": 0, "percent_covered": 100.0, "percent_covered_display": "100", "missing_lines": 0, "excluded_lines": 0}, "missing_lines": [], "excluded_lines": []}, "FeatureFlagsModel": {"executed_lines": [], "summary": {"covered_lines": 0, "num_statements": 0, "percent_covered": 100.0, "percent_covered_display": "100", "missing_lines": 0, "excluded_lines": 0}, "missing_lines": [], "excluded_lines": []}, "SimplyMCPConfig": {"executed_lines": [], "summary": {"covered_lines": 0, "num_statements": 0, "percent_covered": 100.0, "percent_covered_display": "100", "missing_lines": 0, "excluded_lines": 0}, "missing_lines": [], "excluded_lines": []}, "": {"executed_lines": [1, 7, 8, 9, 10, 12, 15, 17, 18, 20, 23, 24, 34, 35, 36, 37, 38, 41, 42, 53, 54, 55, 56, 57, 58, 61, 62, 70, 71, 72, 75, 76, 86, 87, 88, 89, 90, 92, 93, 94, 103, 104, 113, 114, 115, 116, 119, 120, 128, 129, 132, 137, 138, 152, 159, 163, 167, 171, 175, 179, 185, 204, 206, 207, 209, 211, 212, 213, 214, 215, 217, 218, 220, 222, 225, 240, 243, 262, 265, 268, 270, 271, 272, 275, 278, 279, 280, 282, 285, 288, 289, 290, 291, 297, 298, 300, 302, 303, 315, 318, 347, 349, 356, 357, 362, 363, 365, 368, 371, 372, 375, 377, 380, 397, 398, 399, 401, 403, 405, 408, 419, 422], "summary": {"covered_lines": 114, "num_statements": 128, "percent_covered": 89.0625, "percent_covered_display": "89", "missing_lines": 14, "excluded_lines": 0}, "missing_lines": [13, 281, 293, 294, 301, 304, 305, 307, 310, 311, 312, 313, 358, 359], "excluded_lines": []}}}, "src/simply_mcp/core/errors.py": {"executed_lines": [1, 14, 17, 18, 29, 42, 43, 44, 45, 47, 53, 60, 62, 64, 66, 72, 73, 79, 86, 89, 90, 96, 107, 108, 109, 110, 113, 114, 120, 133, 134, 135, 136, 139, 140, 146, 159, 160, 161, 162, 163, 164, 170, 171, 177, 184, 187, 188, 194, 209, 210, 211, 212, 213, 214, 217, 218, 224, 237, 238, 239, 240, 241, 242, 245, 246, 252, 265, 266, 267, 268, 274, 275, 281, 288, 291, 292, 298, 311, 312, 313, 314, 315, 318, 319, 325, 338, 339, 340, 341, 342, 343, 344, 347, 348, 354, 369, 373, 374, 375, 376, 377, 383, 384, 390, 397, 400, 401, 407, 422, 423, 424, 425, 426, 427, 430, 431, 437, 452, 456, 457, 458, 459, 460, 463, 464, 469, 480, 481, 482, 483, 489, 490, 496, 503, 506, 507, 512, 525, 526, 527, 528, 531, 532, 538, 551, 552, 553, 554, 557, 558, 564, 579, 580, 581, 582, 583, 584, 587], "summary": {"covered_lines": 135, "num_statements": 135, "percent_covered": 100.0, "percent_covered_display": "100", "missing_lines": 0, "excluded_lines": 3}, "missing_lines": [], "excluded_lines": [64, 65, 66], "functions": {"SimplyMCPError.__init__": {"executed_lines": [42, 43, 44, 45], "summary": {"covered_lines": 4, "num_statements": 4, "percent_covered": 100.0, "percent_covered_display": "100", "missing_lines": 0, "excluded_lines": 0}, "missing_lines": [], "excluded_lines": []}, "SimplyMCPError.to_dict": {"executed_lines": [53], "summary": {"covered_lines": 1, "num_statements": 1, "percent_covered": 100.0, "percent_covered_display": "100", "missing_lines": 0, "excluded_lines": 0}, "missing_lines": [], "excluded_lines": []}, "SimplyMCPError.__str__": {"executed_lines": [62], "summary": {"covered_lines": 1, "num_statements": 1, "percent_covered": 100.0, "percent_covered_display": "100", "missing_lines": 0, "excluded_lines": 0}, "missing_lines": [], "excluded_lines": []}, "SimplyMCPError.__repr__": {"executed_lines": [66], "summary": {"covered_lines": 0, "num_statements": 0, "percent_covered": 100.0, "percent_covered_display": "100", "missing_lines": 0, "excluded_lines": 2}, "missing_lines": [], "excluded_lines": [65, 66]}, "ConfigurationError.__init__": {"executed_lines": [86], "summary": {"covered_lines": 1, "num_statements": 1, "percent_covered": 100.0, "percent_covered_display": "100", "missing_lines": 0, "excluded_lines": 0}, "missing_lines": [], "excluded_lines": []}, "ConfigFileNotFoundError.__init__": {"executed_lines": [107, 108, 109, 110], "summary": {"covered_lines": 4, "num_statements": 4, "percent_covered": 100.0, "percent_covered_display": "100", "missing_lines": 0, "excluded_lines": 0}, "missing_lines": [], "excluded_lines": []}, "ConfigValidationError.__init__": {"executed_lines": [133, 134, 135, 136], "summary": {"covered_lines": 4, "num_statements": 4, "percent_covered": 100.0, "percent_covered_display": "100", "missing_lines": 0, "excluded_lines": 0}, "missing_lines": [], "excluded_lines": []}, "ConfigFormatError.__init__": {"executed_lines": [159, 160, 161, 162, 163, 164], "summary": {"covered_lines": 6, "num_statements": 6, "percent_covered": 100.0, "percent_covered_display": "100", "missing_lines": 0, "excluded_lines": 0}, "missing_lines": [], "excluded_lines": []}, "TransportError.__init__": {"executed_lines": [184], "summary": {"covered_lines": 1, "num_statements": 1, "percent_covered": 100.0, "percent_covered_display": "100", "missing_lines": 0, "excluded_lines": 0}, "missing_lines": [], "excluded_lines": []}, "ConnectionError.__init__": {"executed_lines": [209, 210, 211, 212, 213, 214], "summary": {"covered_lines": 6, "num_statements": 6, "percent_covered": 100.0, "percent_covered_display": "100", "missing_lines": 0, "excluded_lines": 0}, "missing_lines": [], "excluded_lines": []}, "TransportNotSupportedError.__init__": {"executed_lines": [237, 238, 239, 240, 241, 242], "summary": {"covered_lines": 6, "num_statements": 6, "percent_covered": 100.0, "percent_covered_display": "100", "missing_lines": 0, "excluded_lines": 0}, "missing_lines": [], "excluded_lines": []}, "MessageError.__init__": {"executed_lines": [265, 266, 267, 268], "summary": {"covered_lines": 4, "num_statements": 4, "percent_covered": 100.0, "percent_covered_display": "100", "missing_lines": 0, "excluded_lines": 0}, "missing_lines": [], "excluded_lines": []}, "HandlerError.__init__": {"executed_lines": [288], "summary": {"covered_lines": 1, "num_statements": 1, "percent_covered": 100.0, "percent_covered_display": "100", "missing_lines": 0, "excluded_lines": 0}, "missing_lines": [], "excluded_lines": []}, "HandlerNotFoundError.__init__": {"executed_lines": [311, 312, 313, 314, 315], "summary": {"covered_lines": 5, "num_statements": 5, "percent_covered": 100.0, "percent_covered_display": "100", "missing_lines": 0, "excluded_lines": 0}, "missing_lines": [], "excluded_lines": []}, "HandlerExecutionError.__init__": {"executed_lines": [338, 339, 340, 341, 342, 343, 344], "summary": {"covered_lines": 7, "num_statements": 7, "percent_covered": 100.0, "percent_covered_display": "100", "missing_lines": 0, "excluded_lines": 0}, "missing_lines": [], "excluded_lines": []}, "InvalidHandlerSignatureError.__init__": {"executed_lines": [369, 373, 374, 375, 376, 377], "summary": {"covered_lines": 6, "num_statements": 6, "percent_covered": 100.0, "percent_covered_display": "100", "missing_lines": 0, "excluded_lines": 0}, "missing_lines": [], "excluded_lines": []}, "ValidationError.__init__": {"executed_lines": [397], "summary": {"covered_lines": 1, "num_statements": 1, "percent_covered": 100.0, "percent_covered_display": "100", "missing_lines": 0, "excluded_lines": 0}, "missing_lines": [], "excluded_lines": []}, "SchemaValidationError.__init__": {"executed_lines": [422, 423, 424, 425, 426, 427], "summary": {"covered_lines": 6, "num_statements": 6, "percent_covered": 100.0, "percent_covered_display": "100", "missing_lines": 0, "excluded_lines": 0}, "missing_lines": [], "excluded_lines": []}, "TypeValidationError.__init__": {"executed_lines": [452, 456, 457, 458, 459, 460], "summary": {"covered_lines": 6, "num_statements": 6, "percent_covered": 100.0, "percent_covered_display": "100", "missing_lines": 0, "excluded_lines": 0}, "missing_lines": [], "excluded_lines": []}, "RequiredFieldError.__init__": {"executed_lines": [480, 481, 482, 483], "summary": {"covered_lines": 4, "num_statements": 4, "percent_covered": 100.0, "percent_covered_display": "100", "missing_lines": 0, "excluded_lines": 0}, "missing_lines": [], "excluded_lines": []}, "SecurityError.__init__": {"executed_lines": [503], "summary": {"covered_lines": 1, "num_statements": 1, "percent_covered": 100.0, "percent_covered_display": "100", "missing_lines": 0, "excluded_lines": 0}, "missing_lines": [], "excluded_lines": []}, "AuthenticationError.__init__": {"executed_lines": [525, 526, 527, 528], "summary": {"covered_lines": 4, "num_statements": 4, "percent_covered": 100.0, "percent_covered_display": "100", "missing_lines": 0, "excluded_lines": 0}, "missing_lines": [], "excluded_lines": []}, "AuthorizationError.__init__": {"executed_lines": [551, 552, 553, 554], "summary": {"covered_lines": 4, "num_statements": 4, "percent_covered": 100.0, "percent_covered_display": "100", "missing_lines": 0, "excluded_lines": 0}, "missing_lines": [], "excluded_lines": []}, "RateLimitExceededError.__init__": {"executed_lines": [579, 580, 581, 582, 583, 584], "summary": {"covered_lines": 6, "num_statements": 6, "percent_covered": 100.0, "percent_covered_display": "100", "missing_lines": 0, "excluded_lines": 0}, "missing_lines": [], "excluded_lines": []}, "": {"executed_lines": [1, 14, 17, 18, 29, 47, 60, 64, 72, 73, 79, 89, 90, 96, 113, 114, 120, 139, 140, 146, 170, 171, 177, 187, 188, 194, 217, 218, 224, 245, 246, 252, 274, 275, 281, 291, 292, 298, 318, 319, 325, 347, 348, 354, 383, 384, 390, 400, 401, 407, 430, 431, 437, 463, 464, 469, 489, 490, 496, 506, 507, 512, 531, 532, 538, 557, 558, 564, 587], "summary": {"covered_lines": 46, "num_statements": 46, "percent_covered": 100.0, "percent_covered_display": "100", "missing_lines": 0, "excluded_lines": 1}, "missing_lines": [], "excluded_lines": [64]}}, "classes": {"SimplyMCPError": {"executed_lines": [42, 43, 44, 45, 53, 62, 66], "summary": {"covered_lines": 6, "num_statements": 6, "percent_covered": 100.0, "percent_covered_display": "100", "missing_lines": 0, "excluded_lines": 2}, "missing_lines": [], "excluded_lines": [65, 66]}, "ConfigurationError": {"executed_lines": [86], "summary": {"covered_lines": 1, "num_statements": 1, "percent_covered": 100.0, "percent_covered_display": "100", "missing_lines": 0, "excluded_lines": 0}, "missing_lines": [], "excluded_lines": []}, "ConfigFileNotFoundError": {"executed_lines": [107, 108, 109, 110], "summary": {"covered_lines": 4, "num_statements": 4, "percent_covered": 100.0, "percent_covered_display": "100", "missing_lines": 0, "excluded_lines": 0}, "missing_lines": [], "excluded_lines": []}, "ConfigValidationError": {"executed_lines": [133, 134, 135, 136], "summary": {"covered_lines": 4, "num_statements": 4, "percent_covered": 100.0, "percent_covered_display": "100", "missing_lines": 0, "excluded_lines": 0}, "missing_lines": [], "excluded_lines": []}, "ConfigFormatError": {"executed_lines": [159, 160, 161, 162, 163, 164], "summary": {"covered_lines": 6, "num_statements": 6, "percent_covered": 100.0, "percent_covered_display": "100", "missing_lines": 0, "excluded_lines": 0}, "missing_lines": [], "excluded_lines": []}, "TransportError": {"executed_lines": [184], "summary": {"covered_lines": 1, "num_statements": 1, "percent_covered": 100.0, "percent_covered_display": "100", "missing_lines": 0, "excluded_lines": 0}, "missing_lines": [], "excluded_lines": []}, "ConnectionError": {"executed_lines": [209, 210, 211, 212, 213, 214], "summary": {"covered_lines": 6, "num_statements": 6, "percent_covered": 100.0, "percent_covered_display": "100", "missing_lines": 0, "excluded_lines": 0}, "missing_lines": [], "excluded_lines": []}, "TransportNotSupportedError": {"executed_lines": [237, 238, 239, 240, 241, 242], "summary": {"covered_lines": 6, "num_statements": 6, "percent_covered": 100.0, "percent_covered_display": "100", "missing_lines": 0, "excluded_lines": 0}, "missing_lines": [], "excluded_lines": []}, "MessageError": {"executed_lines": [265, 266, 267, 268], "summary": {"covered_lines": 4, "num_statements": 4, "percent_covered": 100.0, "percent_covered_display": "100", "missing_lines": 0, "excluded_lines": 0}, "missing_lines": [], "excluded_lines": []}, "HandlerError": {"executed_lines": [288], "summary": {"covered_lines": 1, "num_statements": 1, "percent_covered": 100.0, "percent_covered_display": "100", "missing_lines": 0, "excluded_lines": 0}, "missing_lines": [], "excluded_lines": []}, "HandlerNotFoundError": {"executed_lines": [311, 312, 313, 314, 315], "summary": {"covered_lines": 5, "num_statements": 5, "percent_covered": 100.0, "percent_covered_display": "100", "missing_lines": 0, "excluded_lines": 0}, "missing_lines": [], "excluded_lines": []}, "HandlerExecutionError": {"executed_lines": [338, 339, 340, 341, 342, 343, 344], "summary": {"covered_lines": 7, "num_statements": 7, "percent_covered": 100.0, "percent_covered_display": "100", "missing_lines": 0, "excluded_lines": 0}, "missing_lines": [], "excluded_lines": []}, "InvalidHandlerSignatureError": {"executed_lines": [369, 373, 374, 375, 376, 377], "summary": {"covered_lines": 6, "num_statements": 6, "percent_covered": 100.0, "percent_covered_display": "100", "missing_lines": 0, "excluded_lines": 0}, "missing_lines": [], "excluded_lines": []}, "ValidationError": {"executed_lines": [397], "summary": {"covered_lines": 1, "num_statements": 1, "percent_covered": 100.0, "percent_covered_display": "100", "missing_lines": 0, "excluded_lines": 0}, "missing_lines": [], "excluded_lines": []}, "SchemaValidationError": {"executed_lines": [422, 423, 424, 425, 426, 427], "summary": {"covered_lines": 6, "num_statements": 6, "percent_covered": 100.0, "percent_covered_display": "100", "missing_lines": 0, "excluded_lines": 0}, "missing_lines": [], "excluded_lines": []}, "TypeValidationError": {"executed_lines": [452, 456, 457, 458, 459, 460], "summary": {"covered_lines": 6, "num_statements": 6, "percent_covered": 100.0, "percent_covered_display": "100", "missing_lines": 0, "excluded_lines": 0}, "missing_lines": [], "excluded_lines": []}, "RequiredFieldError": {"executed_lines": [480, 481, 482, 483], "summary": {"covered_lines": 4, "num_statements": 4, "percent_covered": 100.0, "percent_covered_display": "100", "missing_lines": 0, "excluded_lines": 0}, "missing_lines": [], "excluded_lines": []}, "SecurityError": {"executed_lines": [503], "summary": {"covered_lines": 1, "num_statements": 1, "percent_covered": 100.0, "percent_covered_display": "100", "missing_lines": 0, "excluded_lines": 0}, "missing_lines": [], "excluded_lines": []}, "AuthenticationError": {"executed_lines": [525, 526, 527, 528], "summary": {"covered_lines": 4, "num_statements": 4, "percent_covered": 100.0, "percent_covered_display": "100", "missing_lines": 0, "excluded_lines": 0}, "missing_lines": [], "excluded_lines": []}, "AuthorizationError": {"executed_lines": [551, 552, 553, 554], "summary": {"covered_lines": 4, "num_statements": 4, "percent_covered": 100.0, "percent_covered_display": "100", "missing_lines": 0, "excluded_lines": 0}, "missing_lines": [], "excluded_lines": []}, "RateLimitExceededError": {"executed_lines": [579, 580, 581, 582, 583, 584], "summary": {"covered_lines": 6, "num_statements": 6, "percent_covered": 100.0, "percent_covered_display": "100", "missing_lines": 0, "excluded_lines": 0}, "missing_lines": [], "excluded_lines": []}, "": {"executed_lines": [1, 14, 17, 18, 29, 47, 60, 64, 72, 73, 79, 89, 90, 96, 113, 114, 120, 139, 140, 146, 170, 171, 177, 187, 188, 194, 217, 218, 224, 245, 246, 252, 274, 275, 281, 291, 292, 298, 318, 319, 325, 347, 348, 354, 383, 384, 390, 400, 401, 407, 430, 431, 437, 463, 464, 469, 489, 490, 496, 506, 507, 512, 531, 532, 538, 557, 558, 564, 587], "summary": {"covered_lines": 46, "num_statements": 46, "percent_covered": 100.0, "percent_covered_display": "100", "missing_lines": 0, "excluded_lines": 1}, "missing_lines": [], "excluded_lines": [64]}}}, "src/simply_mcp/core/logger.py": {"executed_lines": [1, 12, 13, 14, 15, 16, 17, 18, 19, 21, 22, 23, 24, 26, 29, 32, 33, 36, 45, 46, 58, 71, 74, 75, 76, 79, 80, 82, 83, 84, 85, 88, 91, 92, 95, 104, 105, 106, 108, 117, 118, 120, 122, 124, 125, 128, 130, 131, 138, 140, 143, 144, 154, 167, 170, 171, 172, 173, 174, 175, 179, 180, 181, 183, 184, 185, 186, 187, 188, 189, 190, 193, 194, 195, 196, 197, 198, 199, 200, 201, 202, 203, 205, 208, 231, 233, 236, 239, 240, 243, 246, 247, 248, 249, 253, 255, 256, 264, 266, 267, 270, 271, 274, 278, 285, 286, 291, 296, 297, 298, 300, 301, 304, 323, 324, 326, 331, 333, 334, 337, 339, 344, 346, 347, 350, 351, 371, 377, 378, 379, 381, 388, 391, 392, 395, 397, 399, 408, 409, 412, 427, 430, 433, 449, 451, 452, 453, 459, 461, 462, 463, 465, 468, 470, 471, 473, 477, 479, 480, 481, 486, 488, 490, 493], "summary": {"covered_lines": 160, "num_statements": 170, "percent_covered": 94.11764705882354, "percent_covered_display": "94", "missing_lines": 10, "excluded_lines": 0}, "missing_lines": [96, 97, 98, 99, 100, 101, 127, 133, 176, 483], "excluded_lines": [], "functions": {"ContextualJSONFormatter.add_fields": {"executed_lines": [71, 74, 75, 76, 79, 80, 82, 83, 84, 85, 88, 91, 92, 95, 104, 105, 106], "summary": {"covered_lines": 17, "num_statements": 23, "percent_covered": 73.91304347826087, "percent_covered_display": "74", "missing_lines": 6, "excluded_lines": 0}, "missing_lines": [96, 97, 98, 99, 100, 101], "excluded_lines": []}, "ContextualJSONFormatter._sanitize_dict": {"executed_lines": [117, 118, 120, 122, 124, 125, 128, 130, 131, 138, 140], "summary": {"covered_lines": 11, "num_statements": 13, "percent_covered": 84.61538461538461, "percent_covered_display": "85", "missing_lines": 2, "excluded_lines": 0}, "missing_lines": [127, 133], "excluded_lines": []}, "ContextualRichHandler.render_message": {"executed_lines": [167, 170, 171, 172, 173, 174, 175, 179, 180, 181, 183, 184, 185, 186, 187, 188, 189, 190, 193, 194, 195, 196, 197, 198, 199, 200, 201, 202, 203, 205], "summary": {"covered_lines": 30, "num_statements": 31, "percent_covered": 96.7741935483871, "percent_covered_display": "97", "missing_lines": 1, "excluded_lines": 0}, "missing_lines": [176], "excluded_lines": []}, "setup_logger": {"executed_lines": [231, 233, 236, 239, 240, 243, 246, 247, 248, 249, 253, 255, 256, 264, 266, 267, 270, 271, 274, 278, 285, 286, 291, 296, 297, 298, 300, 301], "summary": {"covered_lines": 28, "num_statements": 28, "percent_covered": 100.0, "percent_covered_display": "100", "missing_lines": 0, "excluded_lines": 0}, "missing_lines": [], "excluded_lines": []}, "get_logger": {"executed_lines": [323, 324, 326, 331, 333, 334, 337, 339, 344, 346, 347], "summary": {"covered_lines": 11, "num_statements": 11, "percent_covered": 100.0, "percent_covered_display": "100", "missing_lines": 0, "excluded_lines": 0}, "missing_lines": [], "excluded_lines": []}, "LoggerContext.__init__": {"executed_lines": [377, 378, 379], "summary": {"covered_lines": 3, "num_statements": 3, "percent_covered": 100.0, "percent_covered_display": "100", "missing_lines": 0, "excluded_lines": 0}, "missing_lines": [], "excluded_lines": []}, "LoggerContext.__enter__": {"executed_lines": [388, 391, 392, 395, 397], "summary": {"covered_lines": 5, "num_statements": 5, "percent_covered": 100.0, "percent_covered_display": "100", "missing_lines": 0, "excluded_lines": 0}, "missing_lines": [], "excluded_lines": []}, "LoggerContext.__exit__": {"executed_lines": [408, 409], "summary": {"covered_lines": 2, "num_statements": 2, "percent_covered": 100.0, "percent_covered_display": "100", "missing_lines": 0, "excluded_lines": 0}, "missing_lines": [], "excluded_lines": []}, "log_with_context": {"executed_lines": [427, 430], "summary": {"covered_lines": 2, "num_statements": 2, "percent_covered": 100.0, "percent_covered_display": "100", "missing_lines": 0, "excluded_lines": 0}, "missing_lines": [], "excluded_lines": []}, "sanitize_sensitive_data": {"executed_lines": [449, 451, 452, 453, 459, 461, 462, 463, 465, 468, 470, 471, 473, 477, 479, 480, 481, 486, 488, 490], "summary": {"covered_lines": 20, "num_statements": 21, "percent_covered": 95.23809523809524, "percent_covered_display": "95", "missing_lines": 1, "excluded_lines": 0}, "missing_lines": [483], "excluded_lines": []}, "": {"executed_lines": [1, 12, 13, 14, 15, 16, 17, 18, 19, 21, 22, 23, 24, 26, 29, 32, 33, 36, 45, 46, 58, 108, 143, 144, 154, 208, 304, 350, 351, 371, 381, 399, 412, 433, 493], "summary": {"covered_lines": 31, "num_statements": 31, "percent_covered": 100.0, "percent_covered_display": "100", "missing_lines": 0, "excluded_lines": 0}, "missing_lines": [], "excluded_lines": []}}, "classes": {"ContextualJSONFormatter": {"executed_lines": [71, 74, 75, 76, 79, 80, 82, 83, 84, 85, 88, 91, 92, 95, 104, 105, 106, 117, 118, 120, 122, 124, 125, 128, 130, 131, 138, 140], "summary": {"covered_lines": 28, "num_statements": 36, "percent_covered": 77.77777777777777, "percent_covered_display": "78", "missing_lines": 8, "excluded_lines": 0}, "missing_lines": [96, 97, 98, 99, 100, 101, 127, 133], "excluded_lines": []}, "ContextualRichHandler": {"executed_lines": [167, 170, 171, 172, 173, 174, 175, 179, 180, 181, 183, 184, 185, 186, 187, 188, 189, 190, 193, 194, 195, 196, 197, 198, 199, 200, 201, 202, 203, 205], "summary": {"covered_lines": 30, "num_statements": 31, "percent_covered": 96.7741935483871, "percent_covered_display": "97", "missing_lines": 1, "excluded_lines": 0}, "missing_lines": [176], "excluded_lines": []}, "LoggerContext": {"executed_lines": [377, 378, 379, 388, 391, 392, 395, 397, 408, 409], "summary": {"covered_lines": 10, "num_statements": 10, "percent_covered": 100.0, "percent_covered_display": "100", "missing_lines": 0, "excluded_lines": 0}, "missing_lines": [], "excluded_lines": []}, "": {"executed_lines": [1, 12, 13, 14, 15, 16, 17, 18, 19, 21, 22, 23, 24, 26, 29, 32, 33, 36, 45, 46, 58, 108, 143, 144, 154, 208, 231, 233, 236, 239, 240, 243, 246, 247, 248, 249, 253, 255, 256, 264, 266, 267, 270, 271, 274, 278, 285, 286, 291, 296, 297, 298, 300, 301, 304, 323, 324, 326, 331, 333, 334, 337, 339, 344, 346, 347, 350, 351, 371, 381, 399, 412, 427, 430, 433, 449, 451, 452, 453, 459, 461, 462, 463, 465, 468, 470, 471, 473, 477, 479, 480, 481, 486, 488, 490, 493], "summary": {"covered_lines": 92, "num_statements": 93, "percent_covered": 98.9247311827957, "percent_covered_display": "99", "missing_lines": 1, "excluded_lines": 0}, "missing_lines": [483], "excluded_lines": []}}}, "src/simply_mcp/core/registry.py": {"executed_lines": [1, 11, 13, 14, 15, 18, 21, 22, 56, 62, 63, 64, 65, 67, 69, 90, 91, 93, 94, 95, 99, 105, 106, 111, 131, 132, 134, 135, 136, 140, 146, 147, 152, 174, 176, 177, 178, 182, 188, 189, 199, 216, 218, 219, 220, 221, 223, 224, 226, 243, 245, 246, 247, 248, 250, 251, 253, 270, 271, 272, 273, 275, 276, 278, 291, 292, 293, 294, 296, 309, 310, 311, 312, 314, 327, 328, 329, 330, 332, 348, 350, 351, 353, 369, 371, 372, 374, 390, 391, 393, 409, 411, 412, 413, 414, 418, 420, 421, 423, 439, 441, 442, 443, 444, 448, 450, 451, 453, 469, 470, 471, 472, 473, 482, 484, 485, 487, 499, 500, 501, 502, 504, 505, 506, 508, 519, 530, 531, 537, 538, 541], "summary": {"covered_lines": 129, "num_statements": 129, "percent_covered": 100.0, "percent_covered_display": "100", "missing_lines": 0, "excluded_lines": 0}, "missing_lines": [], "excluded_lines": [], "functions": {"ComponentRegistry.__init__": {"executed_lines": [62, 63, 64, 65, 67], "summary": {"covered_lines": 5, "num_statements": 5, "percent_covered": 100.0, "percent_covered_display": "100", "missing_lines": 0, "excluded_lines": 0}, "missing_lines": [], "excluded_lines": []}, "ComponentRegistry.register_tool": {"executed_lines": [90, 91, 93, 94, 95, 99, 105, 106], "summary": {"covered_lines": 8, "num_statements": 8, "percent_covered": 100.0, "percent_covered_display": "100", "missing_lines": 0, "excluded_lines": 0}, "missing_lines": [], "excluded_lines": []}, "ComponentRegistry.register_prompt": {"executed_lines": [131, 132, 134, 135, 136, 140, 146, 147], "summary": {"covered_lines": 8, "num_statements": 8, "percent_covered": 100.0, "percent_covered_display": "100", "missing_lines": 0, "excluded_lines": 0}, "missing_lines": [], "excluded_lines": []}, "ComponentRegistry.register_resource": {"executed_lines": [174, 176, 177, 178, 182, 188, 189], "summary": {"covered_lines": 7, "num_statements": 7, "percent_covered": 100.0, "percent_covered_display": "100", "missing_lines": 0, "excluded_lines": 0}, "missing_lines": [], "excluded_lines": []}, "ComponentRegistry.get_tool": {"executed_lines": [216, 218, 219, 220, 221, 223, 224], "summary": {"covered_lines": 7, "num_statements": 7, "percent_covered": 100.0, "percent_covered_display": "100", "missing_lines": 0, "excluded_lines": 0}, "missing_lines": [], "excluded_lines": []}, "ComponentRegistry.get_prompt": {"executed_lines": [243, 245, 246, 247, 248, 250, 251], "summary": {"covered_lines": 7, "num_statements": 7, "percent_covered": 100.0, "percent_covered_display": "100", "missing_lines": 0, "excluded_lines": 0}, "missing_lines": [], "excluded_lines": []}, "ComponentRegistry.get_resource": {"executed_lines": [270, 271, 272, 273, 275, 276], "summary": {"covered_lines": 6, "num_statements": 6, "percent_covered": 100.0, "percent_covered_display": "100", "missing_lines": 0, "excluded_lines": 0}, "missing_lines": [], "excluded_lines": []}, "ComponentRegistry.list_tools": {"executed_lines": [291, 292, 293, 294], "summary": {"covered_lines": 4, "num_statements": 4, "percent_covered": 100.0, "percent_covered_display": "100", "missing_lines": 0, "excluded_lines": 0}, "missing_lines": [], "excluded_lines": []}, "ComponentRegistry.list_prompts": {"executed_lines": [309, 310, 311, 312], "summary": {"covered_lines": 4, "num_statements": 4, "percent_covered": 100.0, "percent_covered_display": "100", "missing_lines": 0, "excluded_lines": 0}, "missing_lines": [], "excluded_lines": []}, "ComponentRegistry.list_resources": {"executed_lines": [327, 328, 329, 330], "summary": {"covered_lines": 4, "num_statements": 4, "percent_covered": 100.0, "percent_covered_display": "100", "missing_lines": 0, "excluded_lines": 0}, "missing_lines": [], "excluded_lines": []}, "ComponentRegistry.has_tool": {"executed_lines": [348, 350, 351], "summary": {"covered_lines": 3, "num_statements": 3, "percent_covered": 100.0, "percent_covered_display": "100", "missing_lines": 0, "excluded_lines": 0}, "missing_lines": [], "excluded_lines": []}, "ComponentRegistry.has_prompt": {"executed_lines": [369, 371, 372], "summary": {"covered_lines": 3, "num_statements": 3, "percent_covered": 100.0, "percent_covered_display": "100", "missing_lines": 0, "excluded_lines": 0}, "missing_lines": [], "excluded_lines": []}, "ComponentRegistry.has_resource": {"executed_lines": [390, 391], "summary": {"covered_lines": 2, "num_statements": 2, "percent_covered": 100.0, "percent_covered_display": "100", "missing_lines": 0, "excluded_lines": 0}, "missing_lines": [], "excluded_lines": []}, "ComponentRegistry.unregister_tool": {"executed_lines": [409, 411, 412, 413, 414, 418, 420, 421], "summary": {"covered_lines": 8, "num_statements": 8, "percent_covered": 100.0, "percent_covered_display": "100", "missing_lines": 0, "excluded_lines": 0}, "missing_lines": [], "excluded_lines": []}, "ComponentRegistry.unregister_prompt": {"executed_lines": [439, 441, 442, 443, 444, 448, 450, 451], "summary": {"covered_lines": 8, "num_statements": 8, "percent_covered": 100.0, "percent_covered_display": "100", "missing_lines": 0, "excluded_lines": 0}, "missing_lines": [], "excluded_lines": []}, "ComponentRegistry.unregister_resource": {"executed_lines": [469, 470, 471, 472, 473, 482, 484, 485], "summary": {"covered_lines": 8, "num_statements": 8, "percent_covered": 100.0, "percent_covered_display": "100", "missing_lines": 0, "excluded_lines": 0}, "missing_lines": [], "excluded_lines": []}, "ComponentRegistry.clear": {"executed_lines": [499, 500, 501, 502, 504, 505, 506, 508], "summary": {"covered_lines": 8, "num_statements": 8, "percent_covered": 100.0, "percent_covered_display": "100", "missing_lines": 0, "excluded_lines": 0}, "missing_lines": [], "excluded_lines": []}, "ComponentRegistry.get_stats": {"executed_lines": [530, 531, 537, 538], "summary": {"covered_lines": 4, "num_statements": 4, "percent_covered": 100.0, "percent_covered_display": "100", "missing_lines": 0, "excluded_lines": 0}, "missing_lines": [], "excluded_lines": []}, "": {"executed_lines": [1, 11, 13, 14, 15, 18, 21, 22, 56, 69, 111, 152, 199, 226, 253, 278, 296, 314, 332, 353, 374, 393, 423, 453, 487, 519, 541], "summary": {"covered_lines": 25, "num_statements": 25, "percent_covered": 100.0, "percent_covered_display": "100", "missing_lines": 0, "excluded_lines": 0}, "missing_lines": [], "excluded_lines": []}}, "classes": {"ComponentRegistry": {"executed_lines": [62, 63, 64, 65, 67, 90, 91, 93, 94, 95, 99, 105, 106, 131, 132, 134, 135, 136, 140, 146, 147, 174, 176, 177, 178, 182, 188, 189, 216, 218, 219, 220, 221, 223, 224, 243, 245, 246, 247, 248, 250, 251, 270, 271, 272, 273, 275, 276, 291, 292, 293, 294, 309, 310, 311, 312, 327, 328, 329, 330, 348, 350, 351, 369, 371, 372, 390, 391, 409, 411, 412, 413, 414, 418, 420, 421, 439, 441, 442, 443, 444, 448, 450, 451, 469, 470, 471, 472, 473, 482, 484, 485, 499, 500, 501, 502, 504, 505, 506, 508, 530, 531, 537, 538], "summary": {"covered_lines": 104, "num_statements": 104, "percent_covered": 100.0, "percent_covered_display": "100", "missing_lines": 0, "excluded_lines": 0}, "missing_lines": [], "excluded_lines": []}, "": {"executed_lines": [1, 11, 13, 14, 15, 18, 21, 22, 56, 69, 111, 152, 199, 226, 253, 278, 296, 314, 332, 353, 374, 393, 423, 
[...]
"missing_lines": 0, "excluded_lines": 0}, "missing_lines": [], "excluded_lines": []}, "RateLimitMiddleware.__call__": {"executed_lines": [311, 314, 317, 318, 350], "summary": {"covered_lines": 5, "num_statements": 11, "percent_covered": 45.45454545454545, "percent_covered_display": "45", "missing_lines": 6, "excluded_lines": 0}, "missing_lines": [319, 321, 324, 335, 345, 347], "excluded_lines": []}, "AuthMiddleware.__init__": {"executed_lines": [386, 387, 388, 389, 390], "summary": {"covered_lines": 5, "num_statements": 5, "percent_covered": 100.0, "percent_covered_display": "100", "missing_lines": 0, "excluded_lines": 0}, "missing_lines": [], "excluded_lines": []}, "AuthMiddleware.__call__": {"executed_lines": [408, 410, 412, 413, 414, 415, 424, 433, 436, 439, 440, 441, 445, 447, 449, 450, 451, 454, 466, 474, 476, 487], "summary": {"covered_lines": 22, "num_statements": 23, "percent_covered": 95.65217391304348, "percent_covered_display": "96", "missing_lines": 1, "excluded_lines": 0}, "missing_lines": [442], "excluded_lines": []}, "AuthMiddleware._is_rate_limited": {"executed_lines": [504, 505, 507, 510, 517], "summary": {"covered_lines": 5, "num_statements": 5, "percent_covered": 100.0, "percent_covered_display": "100", "missing_lines": 0, "excluded_lines": 0}, "missing_lines": [], "excluded_lines": []}, "AuthMiddleware._record_failure": {"executed_lines": [525, 527, 528, 530], "summary": {"covered_lines": 4, "num_statements": 4, "percent_covered": 100.0, "percent_covered_display": "100", "missing_lines": 0, "excluded_lines": 0}, "missing_lines": [], "excluded_lines": []}, "create_middleware_stack": {"executed_lines": [561, 564, 565, 566, 569, 570, 574, 577, 578, 579, 581], "summary": {"covered_lines": 11, "num_statements": 11, "percent_covered": 100.0, "percent_covered_display": "100", "missing_lines": 0, "excluded_lines": 0}, "missing_lines": [], "excluded_lines": []}, "": {"executed_lines": [1, 7, 8, 9, 11, 13, 15, 18, 21, 22, 43, 73, 74, 103, 116, 150, 151, 161, 169, 170, 242, 243, 256, 284, 295, 296, 353, 354, 371, 392, 393, 495, 519, 533, 584], "summary": {"covered_lines": 30, "num_statements": 30, "percent_covered": 100.0, "percent_covered_display": "100", "missing_lines": 0, "excluded_lines": 0}, "missing_lines": [], "excluded_lines": []}}, "classes": {"CORSMiddleware": {"executed_lines": [62, 63, 64, 65, 66, 71, 88, 89, 92, 96, 99, 101, 127, 130, 133, 138, 139, 141, 144, 147], "summary": {"covered_lines": 20, "num_statements": 26, "percent_covered": 76.92307692307692, "percent_covered_display": "77", "missing_lines": 6, "excluded_lines": 0}, "missing_lines": [93, 112, 113, 114, 134, 135], "excluded_lines": []}, "LoggingMiddleware": {"executed_lines": [167, 184, 187, 199, 201, 204, 207, 219], "summary": {"covered_lines": 8, "num_statements": 12, "percent_covered": 66.66666666666667, "percent_covered_display": "67", "missing_lines": 4, "excluded_lines": 0}, "missing_lines": [221, 223, 226, 239], "excluded_lines": []}, "RateLimitMiddleware": {"executed_lines": [271, 272, 275, 277, 282, 293, 311, 314, 317, 318, 350], "summary": {"covered_lines": 11, "num_statements": 17, "percent_covered": 64.70588235294117, "percent_covered_display": "65", "missing_lines": 6, "excluded_lines": 0}, "missing_lines": [319, 321, 324, 335, 345, 347], "excluded_lines": []}, "AuthMiddleware": {"executed_lines": [386, 387, 388, 389, 390, 408, 410, 412, 413, 414, 415, 424, 433, 436, 439, 440, 441, 445, 447, 449, 450, 451, 454, 466, 474, 476, 487, 504, 505, 507, 510, 517, 525, 527, 528, 530], "summary": {"covered_lines": 36, "num_statements": 37, "percent_covered": 97.29729729729729, "percent_covered_display": "97", "missing_lines": 1, "excluded_lines": 0}, "missing_lines": [442], "excluded_lines": []}, "": {"executed_lines": [1, 7, 8, 9, 11, 13, 15, 18, 21, 22, 43, 73, 74, 103, 116, 150, 151, 161, 169, 170, 242, 243, 256, 284, 295, 296, 353, 354, 371, 392, 393, 495, 519, 533, 561, 564, 565, 566, 569, 570, 574, 577, 578, 579, 581, 584], "summary": {"covered_lines": 41, "num_statements": 41, "percent_covered": 100.0, "percent_covered_display": "100", "missing_lines": 0, "excluded_lines": 0}, "missing_lines": [], "excluded_lines": []}}}, "src/simply_mcp/transports/sse.py": {"executed_lines": [1, 7, 8, 9, 10, 12, 14, 15, 16, 17, 19, 22, 23, 35, 46, 47, 48, 49, 51, 64, 65, 67, 69, 71, 72, 74, 77, 78, 81, 83, 84, 94, 96, 98, 99, 101, 103, 104, 105, 114, 116, 118, 121, 122, 145, 168, 169, 170, 171, 172, 173, 174, 175, 176, 177, 178, 179, 180, 182, 196, 205, 206, 208, 211, 219, 220, 222, 223, 226, 228, 239, 240, 242, 243, 245, 257, 260, 261, 262, 263, 266, 267, 270, 271, 274, 276, 287, 292, 295, 296, 299, 300, 301, 302, 303, 304, 305, 308, 309, 310, 313, 314, 315, 318, 319, 320, 322, 324, 326, 337, 351, 353, 366, 368, 377, 379, 381, 463, 475, 477, 478, 479, 480, 494, 495, 496, 499, 502, 511, 519, 520, 530, 543, 556, 557, 558, 560, 561, 562, 564, 565, 567, 568, 569, 571, 572, 574, 575, 577, 580, 582, 595, 596, 599, 600, 601, 602, 603, 613, 615, 617, 618, 619, 622, 623, 626, 627, 628, 630, 631, 641, 642, 643, 646, 668, 669, 672, 673, 674, 676, 682, 683, 684, 686, 693, 703, 706], "summary": {"covered_lines": 184, "num_statements": 205, "percent_covered": 89.7560975609756, "percent_covered_display": "90", "missing_lines": 21, "excluded_lines": 0}, "missing_lines": [393, 395, 406, 407, 408, 409, 411, 414, 415, 417, 419, 429, 430, 432, 433, 435, 436, 448, 449, 451, 461], "excluded_lines": [], "functions": {"SSEConnection.__init__": {"executed_lines": [46, 47, 48, 49], "summary": {"covered_lines": 4, "num_statements": 4, "percent_covered": 100.0, "percent_covered_display": "100", "missing_lines": 0, "excluded_lines": 0}, "missing_lines": [], "excluded_lines": []}, "SSEConnection.send_event": {"executed_lines": [64, 65, 67, 69, 71, 72, 74, 77, 78, 81, 83, 84, 94], "summary": {"covered_lines": 13, "num_statements": 13, "percent_covered": 100.0, "percent_covered_display": "100", "missing_lines": 0, "excluded_lines": 0}, "missing_lines": [], "excluded_lines": []}, "SSEConnection.send_ping": {"executed_lines": [98, 99, 101, 103, 104, 105, 114], "summary": {"covered_lines": 7, "num_statements": 7, "percent_covered": 100.0, "percent_covered_display": "100", "missing_lines": 0, "excluded_lines": 0}, "missing_lines": [], "excluded_lines": []}, "SSEConnection.close": {"executed_lines": [118], "summary": {"covered_lines": 1, "num_statements": 1, "percent_covered": 100.0, "percent_covered_display": "100", "missing_lines": 0, "excluded_lines": 0}, "missing_lines": [], "excluded_lines": []}, "SSETransport.__init__": {"executed_lines": [168, 169, 170, 171, 172, 173, 174, 175, 176, 177, 178, 179, 180, 182], "summary": {"covered_lines": 14, "num_statements": 14, "percent_covered": 100.0, "percent_covered_display": "100", "missing_lines": 0, "excluded_lines": 0}, "missing_lines": [], "excluded_lines": []}, "SSETransport.start": {"executed_lines": [205, 206, 208, 211, 219, 220, 222, 223, 226, 228, 239, 240, 242, 243, 245, 257, 260, 261, 262, 263, 266, 267, 270, 271, 274, 276], "summary": {"covered_lines": 26, "num_statements": 26, "percent_covered": 100.0, "percent_covered_display": "100", "missing_lines": 0, "excluded_lines": 0}, "missing_lines": [], "excluded_lines": []}, "SSETransport.stop": {"executed_lines": [292, 295, 296, 299, 300, 301, 302, 303, 304, 305, 308, 309, 310, 313, 314, 315, 318, 319, 320, 322, 324], "summary": {"covered_lines": 21, "num_statements": 21, "percent_covered": 100.0, "percent_covered_display": "100", "missing_lines": 0, "excluded_lines": 0}, "missing_lines": [], "excluded_lines": []}, "SSETransport.handle_root": {"executed_lines": [337, 351], "summary": {"covered_lines": 2, "num_statements": 2, "percent_covered": 100.0, "percent_covered_display": "100", "missing_lines": 0, "excluded_lines": 0}, "missing_lines": [], "excluded_lines": []}, "SSETransport.handle_health": {"executed_lines": [366, 368, 377, 379], "summary": {"covered_lines": 4, "num_statements": 4, "percent_covered": 100.0, "percent_covered_display": "100", "missing_lines": 0, "excluded_lines": 0}, "missing_lines": [], "excluded_lines": []}, "SSETransport.handle_sse": {"executed_lines": [], "summary": {"covered_lines": 0, "num_statements": 21, "percent_covered": 0.0, "percent_covered_display": "0", "missing_lines": 21, "excluded_lines": 0}, "missing_lines": [393, 395, 406, 407, 408, 409, 411, 414, 415, 417, 419, 429, 430, 432, 433, 435, 436, 448, 449, 451, 461], "excluded_lines": []}, "SSETransport.handle_mcp_request": {"executed_lines": [475, 477, 478, 479, 480, 494, 495, 496, 499, 502, 511, 519, 520, 530], "summary": {"covered_lines": 14, "num_statements": 14, "percent_covered": 100.0, "percent_covered_display": "100", "missing_lines": 0, "excluded_lines": 0}, "missing_lines": [], "excluded_lines": []}, "SSETransport._handle_method": {"executed_lines": [556, 557, 558, 560, 561, 562, 564, 565, 567, 568, 569, 571, 572, 574, 575, 577, 580], "summary": {"covered_lines": 17, "num_statements": 17, "percent_covered": 100.0, "percent_covered_display": "100", "missing_lines": 0, "excluded_lines": 0}, "missing_lines": [], "excluded_lines": []}, "SSETransport.broadcast_event": {"executed_lines": [595, 596, 599, 600, 601, 602, 603], "summary": {"covered_lines": 7, "num_statements": 7, "percent_covered": 100.0, "percent_covered_display": "100", "missing_lines": 0, "excluded_lines": 0}, "missing_lines": [], "excluded_lines": []}, "SSETransport._keepalive_loop": {"executed_lines": [615, 617, 618, 619, 622, 623, 626, 627, 628, 630, 631, 641, 642, 643], "summary": {"covered_lines": 14, "num_statements": 14, "percent_covered": 100.0, "percent_covered_display": "100", "missing_lines": 0, "excluded_lines": 0}, "missing_lines": [], "excluded_lines": []}, "create_sse_transport": {"executed_lines": [668, 669, 672, 673, 674, 676, 682, 683, 684, 686, 693, 703], "summary": {"covered_lines": 12, "num_statements": 12, "percent_covered": 100.0, "percent_covered_display": "100", "missing_lines": 0, "excluded_lines": 0}, "missing_lines": [], "excluded_lines": []}, "": {"executed_lines": [1, 7, 8, 9, 10, 12, 14, 15, 16, 17, 19, 22, 23, 35, 51, 96, 116, 121, 122, 145, 196, 287, 326, 353, 381, 463, 543, 582, 613, 646, 706], "summary": {"covered_lines": 28, "num_statements": 28, "percent_covered": 100.0, "percent_covered_display": "100", "missing_lines": 0, "excluded_lines": 0}, "missing_lines": [], "excluded_lines": []}}, "classes": {"SSEConnection": {"executed_lines": [46, 47, 48, 49, 64, 65, 67, 69, 71, 72, 74, 77, 78, 81, 83, 84, 94, 98, 99, 101, 103, 104, 105, 114, 118], "summary": {"covered_lines": 25, "num_statements": 25, "percent_covered": 100.0, "percent_covered_display": "100", "missing_lines": 0, "excluded_lines": 0}, "missing_lines": [], "excluded_lines": []}, "SSETransport": {"executed_lines": [168, 169, 170, 171, 172, 173, 174, 175, 176, 177, 178, 179, 180, 182, 205, 206, 208, 211, 219, 220, 222, 223, 226, 228, 239, 240, 242, 243, 245, 257, 260, 261, 262, 263, 266, 267, 270, 271, 274, 276, 292, 295, 296, 299, 300, 301, 302, 303, 304, 305, 308, 309, 310, 313, 314, 315, 318, 319, 320, 322, 324, 337, 351, 366, 368, 377, 379, 475, 477, 478, 479, 480, 494, 495, 496, 499, 502, 511, 519, 520, 530, 556, 557, 558, 560, 561, 562, 564, 565, 567, 568, 569, 571, 572, 574, 575, 577, 580, 595, 596, 599, 600, 601, 602, 603, 615, 617, 618, 619, 622, 623, 626, 627, 628, 630, 631, 641, 642, 643], "summary": {"covered_lines": 119, "num_statements": 140, "percent_covered": 85.0, "percent_covered_display": "85", "missing_lines": 21, "excluded_lines": 0}, "missing_lines": [393, 395, 406, 407, 408, 409, 411, 414, 415, 417, 419, 429, 430, 432, 433, 435, 436, 448, 449, 451, 461], "excluded_lines": []}, "": {"executed_lines": [1, 7, 8, 9, 10, 12, 14, 15, 16, 17, 19, 22, 23, 35, 51, 96, 116, 121, 122, 145, 196, 287, 326, 353, 381, 463, 543, 582, 613, 646, 668, 669, 672, 673, 674, 676, 682, 683, 684, 686, 693, 703, 706], "summary": {"covered_lines": 40, "num_statements": 40, "percent_covered": 100.0, "percent_covered_display": "100", "missing_lines": 0, "excluded_lines": 0}, "missing_lines": [], "excluded_lines": []}}}, "src/simply_mcp/transports/stdio.py": {"executed_lines": [1, 4, 5, 8, 26, 27, 30], "summary": {"covered_lines": 6, "num_statements": 6, "percent_covered": 100.0, "percent_covered_display": "100", "missing_lines": 0, "excluded_lines": 0}, "missing_lines": [], "excluded_lines": [], "functions": {"run_stdio_server": {"executed_lines": [26, 27], "summary": {"covered_lines": 2, "num_statements": 2, "percent_covered": 100.0, "percent_covered_display": "100", "missing_lines": 0, "excluded_lines": 0}, "missing_lines": [], "excluded_lines": []}, "": {"executed_lines": [1, 4, 5, 8, 30], "summary": {"covered_lines": 4, "num_statements": 4, "percent_covered": 100.0, "percent_covered_display": "100", "missing_lines": 0, "excluded_lines": 0}, "missing_lines": [], "excluded_lines": []}}, "classes": {"": {"executed_lines": [1, 4, 5, 8, 26, 27, 30], "summary": {"covered_lines": 6, "num_statements": 6, "percent_covered": 100.0, "percent_covered_display": "100", "missing_lines": 0, "excluded_lines": 0}, "missing_lines": [], "excluded_lines": []}}}, "src/simply_mcp/validation/__init__.py": {"executed_lines": [0], "summary": {"covered_lines": 0, "num_statements": 0, "percent_covered": 100.0, "percent_covered_display": "100", "missing_lines": 0, "excluded_lines": 0}, "missing_lines": [], "excluded_lines": [], "functions": {"": {"executed_lines": [], "summary": {"covered_lines": 0, "num_statements": 0, "percent_covered": 100.0, "percent_covered_display": "100", "missing_lines": 0, "excluded_lines": 0}, "missing_lines": [], "excluded_lines": []}}, "classes": {"": {"executed_lines": [], "summary": {"covered_lines": 0, "num_statements": 0, "percent_covered": 100.0, "percent_covered_display": "100", "missing_lines": 0, "excluded_lines": 0}, "missing_lines": [], "excluded_lines": []}}}, "src/simply_mcp/validation/schema.py": {"executed_lines": [1, 12, 13, 14, 15, 16, 24, 25, 26, 27, 34, 35, 36, 39, 54, 55, 58, 59, 62, 63, 64, 65, 66, 67, 68, 69, 70, 71, 72, 73, 74, 75, 76, 80, 81, 82, 83, 87, 90, 92, 93, 95, 96, 97, 98, 101, 104, 105, 108, 112, 116, 120, 123, 146, 147, 150, 153, 156, 159, 160, 161, 166, 177, 178, 180, 181, 184, 185, 186, 188, 189, 190, 191, 194, 195, 196, 198, 199, 200, 201, 203, 206, 236, 237, 238, 242, 243, 246, 248, 250, 251, 252, 253, 256, 259, 262, 263, 266, 267, 268, 271, 272, 273, 275, 276, 278, 280, 285, 286, 288, 291, 314, 317, 319, 322, 326, 327, 329, 330, 331, 334, 359, 360, 362, 363, 364, 366, 367, 369, 370, 371, 374, 375, 376, 378, 381, 382, 383, 385, 386, 388, 390, 395, 396, 398, 399, 400, 403, 425, 426, 428, 429, 430, 431, 433, 434, 436, 437, 438, 441, 442, 443, 452, 457, 458, 460, 461, 462, 465, 500, 501, 504, 505, 508, 509, 512, 513, 516, 522], "summary": {"covered_lines": 177, "num_statements": 194, "percent_covered": 91.23711340206185, "percent_covered_display": "91", "missing_lines": 17, "excluded_lines": 0}, "missing_lines": [28, 29, 30, 31, 109, 113, 117, 163, 239, 240, 315, 323, 445, 446, 447, 449, 450], "excluded_lines": [], "functions": {"python_type_to_json_schema_type": {"executed_lines": [54, 55, 58, 59, 62, 63, 64, 65, 66, 67, 68, 69, 70, 71, 72, 73, 74, 75, 76, 80, 81, 82, 83, 87, 90, 92, 93, 95, 96, 97, 98, 101, 104, 105, 108, 112, 116, 120], "summary": {"covered_lines": 38, "num_statements": 41, "percent_covered": 92.6829268292683, "percent_covered_display": "93", "missing_lines": 3, "excluded_lines": 0}, "missing_lines": [109, 113, 117], "excluded_lines": []}, "extract_description_from_docstring": {"executed_lines": [146, 147, 150, 153, 156, 159, 160, 161], "summary": {"covered_lines": 8, "num_statements": 9, "percent_covered": 88.88888888888889, "percent_covered_display": "89", "missing_lines": 1, "excluded_lines": 0}, "missing_lines": [163], "excluded_lines": []}, "extract_param_descriptions_from_docstring": {"executed_lines": [177, 178, 180, 181, 184, 185, 186, 188, 189, 190, 191, 194, 195, 196, 198, 199, 200, 201, 203], "summary": {"covered_lines": 19, "num_statements": 19, "percent_covered": 100.0, "percent_covered_display": "100", "missing_lines": 0, "excluded_lines": 0}, "missing_lines": [], "excluded_lines": []}, "generate_schema_from_function": {"executed_lines": [236, 237, 238, 242, 243, 246, 248, 250, 251, 252, 253, 256, 259, 262, 263, 266, 267, 268, 271, 272, 273, 275, 276, 278, 280, 285, 286, 288], "summary": {"covered_lines": 28, "num_statements": 30, "percent_covered": 93.33333333333333, "percent_covered_display": "93", "missing_lines": 2, "excluded_lines": 0}, "missing_lines": [239, 240], "excluded_lines": []}, "generate_schema_from_pydantic": {"executed_lines": [314, 317, 319, 322, 326, 327, 329, 330, 331], "summary": {"covered_lines": 9, "num_statements": 11, "percent_covered": 81.81818181818181, "percent_covered_display": "82", "missing_lines": 2, "excluded_lines": 0}, "missing_lines": [315, 323], "excluded_lines": []}, "generate_schema_from_dataclass": {"executed_lines": [359, 360, 362, 363, 364, 366, 367, 369, 370, 371, 374, 375, 376, 378, 381, 382, 383, 385, 386, 388, 390, 395, 396, 398, 399, 400], "summary": {"covered_lines": 26, "num_statements": 26, "percent_covered": 100.0, "percent_covered_display": "100", "missing_lines": 0, "excluded_lines": 0}, "missing_lines": [], "excluded_lines": []}, "generate_schema_from_typeddict": {"executed_lines": [425, 426, 428, 429, 430, 431, 433, 434, 436, 437, 438, 441, 442, 443, 452, 457, 458, 460, 461, 462], "summary": {"covered_lines": 20, "num_statements": 25, "percent_covered": 80.0, "percent_covered_display": "80", "missing_lines": 5, "excluded_lines": 0}, "missing_lines": [445, 446, 447, 449, 450], "excluded_lines": []}, "auto_generate_schema": {"executed_lines": [500, 501, 504, 505, 508, 509, 512, 513, 516], "summary": {"covered_lines": 9, "num_statements": 9, "percent_covered": 100.0, "percent_covered_display": "100", "missing_lines": 0, "excluded_lines": 0}, "missing_lines": [], "excluded_lines": []}, "": {"executed_lines": [1, 12, 13, 14, 15, 16, 24, 25, 26, 27, 34, 35, 36, 39, 123, 166, 206, 291, 334, 403, 465, 522], "summary": {"covered_lines": 20, "num_statements": 24, "percent_covered": 83.33333333333333, "percent_covered_display": "83", "missing_lines": 4, "excluded_lines": 0}, "missing_lines": [28, 29, 30, 31], "excluded_lines": []}}, "classes": {"SchemaGenerationError": {"executed_lines": [], "summary": {"covered_lines": 0, "num_statements": 0, "percent_covered": 100.0, "percent_covered_display": "100", "missing_lines": 0, "excluded_lines": 0}, "missing_lines": [], "excluded_lines": []}, "": {"executed_lines": [1, 12, 13, 14, 15, 16, 24, 25, 26, 27, 34, 35, 36, 39, 54, 55, 58, 59, 62, 63, 64, 65, 66, 67, 68, 69, 70, 71, 72, 73, 74, 75, 76, 80, 81, 82, 83, 87, 90, 92, 93, 95, 96, 97, 98, 101, 104, 105, 108, 112, 116, 120, 123, 146, 147, 150, 153, 156, 159, 160, 161, 166, 177, 178, 180, 181, 184, 185, 186, 188, 189, 190, 191, 194, 195, 196, 198, 199, 200, 201, 203, 206, 236, 237, 238, 242, 243, 246, 248, 250, 251, 252, 253, 256, 259, 262, 263, 266, 267, 268, 271, 272, 273, 275, 276, 278, 280, 285, 286, 288, 291, 314, 317, 319, 322, 326, 327, 329, 330, 331, 334, 359, 360, 362, 363, 364, 366, 367, 369, 370, 371, 374, 375, 376, 378, 381, 382, 383, 385, 386, 388, 390, 395, 396, 398, 399, 400, 403, 425, 426, 428, 429, 430, 431, 433, 434, 436, 437, 438, 441, 442, 443, 452, 457, 458, 460, 461, 462, 465, 500, 501, 504, 505, 508, 509, 512, 513, 516, 522], "summary": {"covered_lines": 177, "num_statements": 194, "percent_covered": 91.23711340206185, "percent_covered_display": "91", "missing_lines": 17, "excluded_lines": 0}, "missing_lines": [28, 29, 30, 31, 109, 113, 117, 163, 239, 240, 315, 323, 445, 446, 447, 449, 450], "excluded_lines": []}}}}, "totals": {"covered_lines": 3195, "num_statements": 3530, "percent_covered": 90.5099150141643, "percent_covered_display": "91", "missing_lines": 335, "excluded_lines": 10}}